Flow report for MIPS
Tue Oct 22 15:41:45 2019
Quartus Prime Version 18.1.0 Build 625 09/12/2018 SJ Lite Edition


---------------------
; Table of Contents ;
---------------------
  1. Legal Notice
  2. Flow Summary
  3. Flow Settings
  4. Flow Non-Default Global Settings
  5. Flow Elapsed Time
  6. Flow OS Summary
  7. Flow Log
  8. Flow Messages
  9. Flow Suppressed Messages



----------------
; Legal Notice ;
----------------
Copyright (C) 2018  Intel Corporation. All rights reserved.
Your use of Intel Corporation's design tools, logic functions 
and other software and tools, and its AMPP partner logic 
functions, and any output files from any of the foregoing 
(including device programming or simulation files), and any 
associated documentation or information are expressly subject 
to the terms and conditions of the Intel Program License 
Subscription Agreement, the Intel Quartus Prime License Agreement,
the Intel FPGA IP License Agreement, or other applicable license
agreement, including, without limitation, that your use is for
the sole purpose of programming logic devices manufactured by
Intel and sold by Intel or its authorized distributors.  Please
refer to the applicable agreement for further details.



+----------------------------------------------------------------------------------+
; Flow Summary                                                                     ;
+------------------------------------+---------------------------------------------+
; Flow Status                        ; Successful - Tue Oct 22 15:41:45 2019       ;
; Quartus Prime Version              ; 18.1.0 Build 625 09/12/2018 SJ Lite Edition ;
; Revision Name                      ; MIPS                                        ;
; Top-level Entity Name              ; ula                                         ;
; Family                             ; Cyclone IV E                                ;
; Device                             ; EP4CE115F29C7                               ;
; Timing Models                      ; Final                                       ;
; Total logic elements               ; 65 / 114,480 ( < 1 % )                      ;
;     Total combinational functions  ; 65 / 114,480 ( < 1 % )                      ;
;     Dedicated logic registers      ; 0 / 114,480 ( 0 % )                         ;
; Total registers                    ; 0                                           ;
; Total pins                         ; 97 / 529 ( 18 % )                           ;
; Total virtual pins                 ; 0                                           ;
; Total memory bits                  ; 0 / 3,981,312 ( 0 % )                       ;
; Embedded Multiplier 9-bit elements ; 0 / 532 ( 0 % )                             ;
; Total PLLs                         ; 0 / 4 ( 0 % )                               ;
+------------------------------------+---------------------------------------------+


+-----------------------------------------+
; Flow Settings                           ;
+-------------------+---------------------+
; Option            ; Setting             ;
+-------------------+---------------------+
; Start date & time ; 10/22/2019 15:36:45 ;
; Main task         ; Compilation         ;
; Revision Name     ; MIPS                ;
+-------------------+---------------------+


+-----------------------------------------------------------------------------------------------------------------------------+
; Flow Non-Default Global Settings                                                                                            ;
+-------------------------------------+----------------------------------------+---------------+-------------+----------------+
; Assignment Name                     ; Value                                  ; Default Value ; Entity Name ; Section Id     ;
+-------------------------------------+----------------------------------------+---------------+-------------+----------------+
; COMPILER_SIGNATURE_ID               ; 5307246322711.157176940503583          ; --            ; --          ; --             ;
; EDA_OUTPUT_DATA_FORMAT              ; Verilog Hdl                            ; --            ; --          ; eda_simulation ;
; EDA_SIMULATION_TOOL                 ; ModelSim-Altera (Verilog)              ; <None>        ; --          ; --             ;
; EDA_TIME_SCALE                      ; 1 ps                                   ; --            ; --          ; eda_simulation ;
; MAX_CORE_JUNCTION_TEMP              ; 85                                     ; --            ; --          ; --             ;
; MIN_CORE_JUNCTION_TEMP              ; 0                                      ; --            ; --          ; --             ;
; NOMINAL_CORE_SUPPLY_VOLTAGE         ; 1.2V                                   ; --            ; --          ; --             ;
; PARTITION_COLOR                     ; -- (Not supported for targeted family) ; --            ; ULA         ; Top            ;
; PARTITION_FITTER_PRESERVATION_LEVEL ; -- (Not supported for targeted family) ; --            ; ULA         ; Top            ;
; PARTITION_NETLIST_TYPE              ; -- (Not supported for targeted family) ; --            ; ULA         ; Top            ;
; PROJECT_OUTPUT_DIRECTORY            ; output_files                           ; --            ; --          ; --             ;
; TOP_LEVEL_ENTITY                    ; ULA                                    ; MIPS          ; --          ; --             ;
+-------------------------------------+----------------------------------------+---------------+-------------+----------------+


+--------------------------------------------------------------------------------------------------------------------------+
; Flow Elapsed Time                                                                                                        ;
+----------------------+--------------+-------------------------+---------------------+------------------------------------+
; Module Name          ; Elapsed Time ; Average Processors Used ; Peak Virtual Memory ; Total CPU Time (on all processors) ;
+----------------------+--------------+-------------------------+---------------------+------------------------------------+
; Analysis & Synthesis ; 00:00:15     ; 1.0                     ; 964 MB              ; 00:00:22                           ;
; Fitter               ; 00:00:19     ; 1.0                     ; 1710 MB             ; 00:00:12                           ;
; Assembler            ; 00:00:13     ; 1.0                     ; 826 MB              ; 00:00:03                           ;
; Timing Analyzer      ; 00:00:08     ; 1.0                     ; 921 MB              ; 00:00:01                           ;
; EDA Netlist Writer   ; 00:00:08     ; 1.0                     ; 1063 MB             ; 00:00:01                           ;
; EDA Netlist Writer   ; 00:00:08     ; 1.0                     ; 1051 MB             ; 00:00:00                           ;
; EDA Netlist Writer   ; 00:00:07     ; 1.0                     ; 1058 MB             ; 00:00:00                           ;
; EDA Netlist Writer   ; 00:00:08     ; 1.0                     ; 1051 MB             ; 00:00:00                           ;
; EDA Netlist Writer   ; 00:00:08     ; 1.0                     ; 1058 MB             ; 00:00:00                           ;
; Total                ; 00:01:34     ; --                      ; --                  ; 00:00:39                           ;
+----------------------+--------------+-------------------------+---------------------+------------------------------------+


+----------------------------------------------------------------------------------------+
; Flow OS Summary                                                                        ;
+----------------------+------------------+----------------+------------+----------------+
; Module Name          ; Machine Hostname ; OS Name        ; OS Version ; Processor type ;
+----------------------+------------------+----------------+------------+----------------+
; Analysis & Synthesis ; arqcomp-0x00     ; Ubuntu 18.04.2 ; 18         ; x86_64         ;
; Fitter               ; arqcomp-0x00     ; Ubuntu 18.04.2 ; 18         ; x86_64         ;
; Assembler            ; arqcomp-0x00     ; Ubuntu 18.04.2 ; 18         ; x86_64         ;
; Timing Analyzer      ; arqcomp-0x00     ; Ubuntu 18.04.2 ; 18         ; x86_64         ;
; EDA Netlist Writer   ; arqcomp-0x00     ; Ubuntu 18.04.2 ; 18         ; x86_64         ;
; EDA Netlist Writer   ; arqcomp-0x00     ; Ubuntu 18.04.2 ; 18         ; x86_64         ;
; EDA Netlist Writer   ; arqcomp-0x00     ; Ubuntu 18.04.2 ; 18         ; x86_64         ;
; EDA Netlist Writer   ; arqcomp-0x00     ; Ubuntu 18.04.2 ; 18         ; x86_64         ;
; EDA Netlist Writer   ; arqcomp-0x00     ; Ubuntu 18.04.2 ; 18         ; x86_64         ;
+----------------------+------------------+----------------+------------+----------------+


------------
; Flow Log ;
------------
quartus_map --read_settings_files=on --write_settings_files=off MIPS -c MIPS
quartus_fit --read_settings_files=off --write_settings_files=off MIPS -c MIPS
quartus_asm --read_settings_files=off --write_settings_files=off MIPS -c MIPS
quartus_sta MIPS -c MIPS
quartus_eda --read_settings_files=off --write_settings_files=off MIPS -c MIPS
quartus_eda --gen_testbench --tool=modelsim_oem --format=vhdl --write_settings_files=off MIPS -c MIPS --vector_source=/home/arqcomp/Documents/ProcessadorMIPS/Waveform.vwf --testbench_file=/home/arqcomp/Documents/ProcessadorMIPS/simulation/qsim/Waveform.vwf.vht
quartus_eda --write_settings_files=off --simulation=on --functional=on --flatten_buses=off --tool=modelsim_oem --format=vhdl --output_directory=/home/arqcomp/Documents/ProcessadorMIPS/simulation/qsim/ MIPS -c MIPS
quartus_eda --gen_testbench --tool=modelsim_oem --format=vhdl --write_settings_files=off MIPS -c MIPS --vector_source=/home/arqcomp/Documents/ProcessadorMIPS/Waveform.vwf --testbench_file=/home/arqcomp/Documents/ProcessadorMIPS/simulation/qsim/Waveform.vwf.vht
quartus_eda --write_settings_files=off --simulation=on --functional=on --flatten_buses=off --tool=modelsim_oem --format=vhdl --output_directory=/home/arqcomp/Documents/ProcessadorMIPS/simulation/qsim/ MIPS -c MIPS



