Analysis & Synthesis report for R
Wed Oct 23 14:17:37 2019
Quartus Prime Version 17.1.0 Build 590 10/25/2017 SJ Lite Edition


---------------------
; Table of Contents ;
---------------------
  1. Legal Notice
  2. Analysis & Synthesis Summary
  3. Analysis & Synthesis Settings
  4. Parallel Compilation
  5. Analysis & Synthesis Source Files Read
  6. Analysis & Synthesis Resource Usage Summary
  7. Analysis & Synthesis Resource Utilization by Entity
  8. General Register Statistics
  9. Parameter Settings for User Entity Instance: Top-level Entity: |R
 10. Parameter Settings for User Entity Instance: bancoRegistradores:bancoRegistradores
 11. Parameter Settings for User Entity Instance: ula:ULA
 12. Parameter Settings for User Entity Instance: romMif:ROM
 13. Parameter Settings for User Entity Instance: somador:SOMADOR
 14. Parameter Settings for User Entity Instance: pc:PC
 15. Port Connectivity Checks: "romMif:ROM"
 16. Post-Synthesis Netlist Statistics for Top Partition
 17. Elapsed Time Per Partition
 18. Analysis & Synthesis Messages



----------------
; Legal Notice ;
----------------
Copyright (C) 2017  Intel Corporation. All rights reserved.
Your use of Intel Corporation's design tools, logic functions 
and other software and tools, and its AMPP partner logic 
functions, and any output files from any of the foregoing 
(including device programming or simulation files), and any 
associated documentation or information are expressly subject 
to the terms and conditions of the Intel Program License 
Subscription Agreement, the Intel Quartus Prime License Agreement,
the Intel FPGA IP License Agreement, or other applicable license
agreement, including, without limitation, that your use is for
the sole purpose of programming logic devices manufactured by
Intel and sold by Intel or its authorized distributors.  Please
refer to the applicable agreement for further details.



+-------------------------------------------------------------------------------+
; Analysis & Synthesis Summary                                                  ;
+---------------------------------+---------------------------------------------+
; Analysis & Synthesis Status     ; Successful - Wed Oct 23 14:17:37 2019       ;
; Quartus Prime Version           ; 17.1.0 Build 590 10/25/2017 SJ Lite Edition ;
; Revision Name                   ; R                                           ;
; Top-level Entity Name           ; R                                           ;
; Family                          ; Cyclone V                                   ;
; Logic utilization (in ALMs)     ; N/A                                         ;
; Total registers                 ; 0                                           ;
; Total pins                      ; 15                                          ;
; Total virtual pins              ; 0                                           ;
; Total block memory bits         ; 0                                           ;
; Total DSP Blocks                ; 0                                           ;
; Total HSSI RX PCSs              ; 0                                           ;
; Total HSSI PMA RX Deserializers ; 0                                           ;
; Total HSSI TX PCSs              ; 0                                           ;
; Total HSSI PMA TX Serializers   ; 0                                           ;
; Total PLLs                      ; 0                                           ;
; Total DLLs                      ; 0                                           ;
+---------------------------------+---------------------------------------------+


+---------------------------------------------------------------------------------------------------------------------------+
; Analysis & Synthesis Settings                                                                                             ;
+---------------------------------------------------------------------------------+--------------------+--------------------+
; Option                                                                          ; Setting            ; Default Value      ;
+---------------------------------------------------------------------------------+--------------------+--------------------+
; Device                                                                          ; 5CGXFC7C7F23C8     ;                    ;
; Top-level entity name                                                           ; R                  ; R                  ;
; Family name                                                                     ; Cyclone V          ; Cyclone V          ;
; Use smart compilation                                                           ; Off                ; Off                ;
; Enable parallel Assembler and TimeQuest Timing Analyzer during compilation      ; On                 ; On                 ;
; Enable compact report table                                                     ; Off                ; Off                ;
; Restructure Multiplexers                                                        ; Auto               ; Auto               ;
; MLAB Add Timing Constraints For Mixed-Port Feed-Through Mode Setting Don't Care ; Off                ; Off                ;
; Create Debugging Nodes for IP Cores                                             ; Off                ; Off                ;
; Preserve fewer node names                                                       ; On                 ; On                 ;
; Intel FPGA IP Evaluation Mode                                                   ; Enable             ; Enable             ;
; Verilog Version                                                                 ; Verilog_2001       ; Verilog_2001       ;
; VHDL Version                                                                    ; VHDL_1993          ; VHDL_1993          ;
; State Machine Processing                                                        ; Auto               ; Auto               ;
; Safe State Machine                                                              ; Off                ; Off                ;
; Extract Verilog State Machines                                                  ; On                 ; On                 ;
; Extract VHDL State Machines                                                     ; On                 ; On                 ;
; Ignore Verilog initial constructs                                               ; Off                ; Off                ;
; Iteration limit for constant Verilog loops                                      ; 5000               ; 5000               ;
; Iteration limit for non-constant Verilog loops                                  ; 250                ; 250                ;
; Add Pass-Through Logic to Inferred RAMs                                         ; On                 ; On                 ;
; Infer RAMs from Raw Logic                                                       ; On                 ; On                 ;
; Parallel Synthesis                                                              ; On                 ; On                 ;
; DSP Block Balancing                                                             ; Auto               ; Auto               ;
; NOT Gate Push-Back                                                              ; On                 ; On                 ;
; Power-Up Don't Care                                                             ; On                 ; On                 ;
; Remove Redundant Logic Cells                                                    ; Off                ; Off                ;
; Remove Duplicate Registers                                                      ; On                 ; On                 ;
; Ignore CARRY Buffers                                                            ; Off                ; Off                ;
; Ignore CASCADE Buffers                                                          ; Off                ; Off                ;
; Ignore GLOBAL Buffers                                                           ; Off                ; Off                ;
; Ignore ROW GLOBAL Buffers                                                       ; Off                ; Off                ;
; Ignore LCELL Buffers                                                            ; Off                ; Off                ;
; Ignore SOFT Buffers                                                             ; On                 ; On                 ;
; Limit AHDL Integers to 32 Bits                                                  ; Off                ; Off                ;
; Optimization Technique                                                          ; Balanced           ; Balanced           ;
; Carry Chain Length                                                              ; 70                 ; 70                 ;
; Auto Carry Chains                                                               ; On                 ; On                 ;
; Auto Open-Drain Pins                                                            ; On                 ; On                 ;
; Perform WYSIWYG Primitive Resynthesis                                           ; Off                ; Off                ;
; Auto ROM Replacement                                                            ; On                 ; On                 ;
; Auto RAM Replacement                                                            ; On                 ; On                 ;
; Auto DSP Block Replacement                                                      ; On                 ; On                 ;
; Auto Shift Register Replacement                                                 ; Auto               ; Auto               ;
; Allow Shift Register Merging across Hierarchies                                 ; Auto               ; Auto               ;
; Auto Clock Enable Replacement                                                   ; On                 ; On                 ;
; Strict RAM Replacement                                                          ; Off                ; Off                ;
; Allow Synchronous Control Signals                                               ; On                 ; On                 ;
; Force Use of Synchronous Clear Signals                                          ; Off                ; Off                ;
; Auto Resource Sharing                                                           ; Off                ; Off                ;
; Allow Any RAM Size For Recognition                                              ; Off                ; Off                ;
; Allow Any ROM Size For Recognition                                              ; Off                ; Off                ;
; Allow Any Shift Register Size For Recognition                                   ; Off                ; Off                ;
; Use LogicLock Constraints during Resource Balancing                             ; On                 ; On                 ;
; Ignore translate_off and synthesis_off directives                               ; Off                ; Off                ;
; Timing-Driven Synthesis                                                         ; On                 ; On                 ;
; Report Parameter Settings                                                       ; On                 ; On                 ;
; Report Source Assignments                                                       ; On                 ; On                 ;
; Report Connectivity Checks                                                      ; On                 ; On                 ;
; Ignore Maximum Fan-Out Assignments                                              ; Off                ; Off                ;
; Synchronization Register Chain Length                                           ; 3                  ; 3                  ;
; Power Optimization During Synthesis                                             ; Normal compilation ; Normal compilation ;
; HDL message level                                                               ; Level2             ; Level2             ;
; Suppress Register Optimization Related Messages                                 ; Off                ; Off                ;
; Number of Removed Registers Reported in Synthesis Report                        ; 5000               ; 5000               ;
; Number of Swept Nodes Reported in Synthesis Report                              ; 5000               ; 5000               ;
; Number of Inverted Registers Reported in Synthesis Report                       ; 100                ; 100                ;
; Clock MUX Protection                                                            ; On                 ; On                 ;
; Auto Gated Clock Conversion                                                     ; Off                ; Off                ;
; Block Design Naming                                                             ; Auto               ; Auto               ;
; SDC constraint protection                                                       ; Off                ; Off                ;
; Synthesis Effort                                                                ; Auto               ; Auto               ;
; Shift Register Replacement - Allow Asynchronous Clear Signal                    ; On                 ; On                 ;
; Pre-Mapping Resynthesis Optimization                                            ; Off                ; Off                ;
; Analysis & Synthesis Message Level                                              ; Medium             ; Medium             ;
; Disable Register Merging Across Hierarchies                                     ; Auto               ; Auto               ;
; Resource Aware Inference For Block RAM                                          ; On                 ; On                 ;
; Automatic Parallel Synthesis                                                    ; On                 ; On                 ;
; Partial Reconfiguration Bitstream ID                                            ; Off                ; Off                ;
+---------------------------------------------------------------------------------+--------------------+--------------------+


+------------------------------------------+
; Parallel Compilation                     ;
+----------------------------+-------------+
; Processors                 ; Number      ;
+----------------------------+-------------+
; Number detected on machine ; 8           ;
; Maximum allowed            ; 4           ;
;                            ;             ;
; Average used               ; 1.00        ;
; Maximum used               ; 1           ;
;                            ;             ;
; Usage by Processor         ; % Time Used ;
;     Processor 1            ; 100.0%      ;
+----------------------------+-------------+


+-------------------------------------------------------------------------------------------------------------------------------------------+
; Analysis & Synthesis Source Files Read                                                                                                    ;
+----------------------------------+-----------------+-----------------+----------------------------------------------------------+---------+
; File Name with User-Entered Path ; Used in Netlist ; File Type       ; File Name with Absolute Path                             ; Library ;
+----------------------------------+-----------------+-----------------+----------------------------------------------------------+---------+
; bancoRegistradores.vhd           ; yes             ; User VHDL File  ; D:/intelFPGA_lite/17.1/InstrucaoR/bancoRegistradores.vhd ;         ;
; romMif.vhd                       ; yes             ; User VHDL File  ; D:/intelFPGA_lite/17.1/InstrucaoR/romMif.vhd             ;         ;
; pc.vhd                           ; yes             ; User VHDL File  ; D:/intelFPGA_lite/17.1/InstrucaoR/pc.vhd                 ;         ;
; somador.vhd                      ; yes             ; User VHDL File  ; D:/intelFPGA_lite/17.1/InstrucaoR/somador.vhd            ;         ;
; R.vhd                            ; yes             ; User VHDL File  ; D:/intelFPGA_lite/17.1/InstrucaoR/R.vhd                  ;         ;
; ula.vhd                          ; yes             ; User VHDL File  ; D:/intelFPGA_lite/17.1/InstrucaoR/ula.vhd                ;         ;
+----------------------------------+-----------------+-----------------+----------------------------------------------------------+---------+


+-----------------------------------------------------+
; Analysis & Synthesis Resource Usage Summary         ;
+---------------------------------------------+-------+
; Resource                                    ; Usage ;
+---------------------------------------------+-------+
; Estimate of Logic utilization (ALMs needed) ; 0     ;
;                                             ;       ;
; Combinational ALUT usage for logic          ; 0     ;
;     -- 7 input functions                    ; 0     ;
;     -- 6 input functions                    ; 0     ;
;     -- 5 input functions                    ; 0     ;
;     -- 4 input functions                    ; 0     ;
;     -- <=3 input functions                  ; 0     ;
;                                             ;       ;
; Dedicated logic registers                   ; 0     ;
;                                             ;       ;
; I/O pins                                    ; 15    ;
;                                             ;       ;
; Total DSP Blocks                            ; 0     ;
;                                             ;       ;
; Maximum fan-out node                        ; clk   ;
; Maximum fan-out                             ; 1     ;
; Total fan-out                               ; 15    ;
; Average fan-out                             ; 0.50  ;
+---------------------------------------------+-------+


+----------------------------------------------------------------------------------------------------------------------------------------------------------------------------------------+
; Analysis & Synthesis Resource Utilization by Entity                                                                                                                                    ;
+----------------------------+---------------------+---------------------------+-------------------+------------+------+--------------+---------------------+-------------+--------------+
; Compilation Hierarchy Node ; Combinational ALUTs ; Dedicated Logic Registers ; Block Memory Bits ; DSP Blocks ; Pins ; Virtual Pins ; Full Hierarchy Name ; Entity Name ; Library Name ;
+----------------------------+---------------------+---------------------------+-------------------+------------+------+--------------+---------------------+-------------+--------------+
; |R                         ; 0 (0)               ; 0 (0)                     ; 0                 ; 0          ; 15   ; 0            ; |R                  ; R           ; work         ;
+----------------------------+---------------------+---------------------------+-------------------+------------+------+--------------+---------------------+-------------+--------------+
Note: For table entries with two numbers listed, the numbers in parentheses indicate the number of resources of the given type used by the specific entity alone. The numbers listed outside of parentheses indicate the total resources of the given type used by the specific entity and all of its sub-entities in the hierarchy.


+------------------------------------------------------+
; General Register Statistics                          ;
+----------------------------------------------+-------+
; Statistic                                    ; Value ;
+----------------------------------------------+-------+
; Total registers                              ; 0     ;
; Number of registers using Synchronous Clear  ; 0     ;
; Number of registers using Synchronous Load   ; 0     ;
; Number of registers using Asynchronous Clear ; 0     ;
; Number of registers using Asynchronous Load  ; 0     ;
; Number of registers using Clock Enable       ; 0     ;
; Number of registers using Preset             ; 0     ;
+----------------------------------------------+-------+


+-------------------------------------------------------------------+
; Parameter Settings for User Entity Instance: Top-level Entity: |R ;
+----------------------------+-------+------------------------------+
; Parameter Name             ; Value ; Type                         ;
+----------------------------+-------+------------------------------+
; larguraBarramentoEnderecos ; 32    ; Signed Integer               ;
; larguraBarramentoDados     ; 32    ; Signed Integer               ;
+----------------------------+-------+------------------------------+
Note: In order to hide this table in the UI and the text report file, please set the "Show Parameter Settings in Synthesis Report" option in "Analysis and Synthesis Settings -> More Settings" to "Off".


+------------------------------------------------------------------------------------+
; Parameter Settings for User Entity Instance: bancoRegistradores:bancoRegistradores ;
+---------------------+-------+------------------------------------------------------+
; Parameter Name      ; Value ; Type                                                 ;
+---------------------+-------+------------------------------------------------------+
; larguradados        ; 32    ; Signed Integer                                       ;
; larguraendbancoregs ; 5     ; Signed Integer                                       ;
+---------------------+-------+------------------------------------------------------+
Note: In order to hide this table in the UI and the text report file, please set the "Show Parameter Settings in Synthesis Report" option in "Analysis and Synthesis Settings -> More Settings" to "Off".


+------------------------------------------------------+
; Parameter Settings for User Entity Instance: ula:ULA ;
+------------------------+-------+---------------------+
; Parameter Name         ; Value ; Type                ;
+------------------------+-------+---------------------+
; largurabarramentodados ; 32    ; Signed Integer      ;
+------------------------+-------+---------------------+
Note: In order to hide this table in the UI and the text report file, please set the "Show Parameter Settings in Synthesis Report" option in "Analysis and Synthesis Settings -> More Settings" to "Off".


+---------------------------------------------------------+
; Parameter Settings for User Entity Instance: romMif:ROM ;
+----------------+-------+--------------------------------+
; Parameter Name ; Value ; Type                           ;
+----------------+-------+--------------------------------+
; datawidth      ; 32    ; Signed Integer                 ;
; addrwidth      ; 32    ; Signed Integer                 ;
+----------------+-------+--------------------------------+
Note: In order to hide this table in the UI and the text report file, please set the "Show Parameter Settings in Synthesis Report" option in "Analysis and Synthesis Settings -> More Settings" to "Off".


+--------------------------------------------------------------+
; Parameter Settings for User Entity Instance: somador:SOMADOR ;
+----------------------------+-------+-------------------------+
; Parameter Name             ; Value ; Type                    ;
+----------------------------+-------+-------------------------+
; largurabarramentoenderecos ; 32    ; Signed Integer          ;
; incremento                 ; 4     ; Signed Integer          ;
+----------------------------+-------+-------------------------+
Note: In order to hide this table in the UI and the text report file, please set the "Show Parameter Settings in Synthesis Report" option in "Analysis and Synthesis Settings -> More Settings" to "Off".


+----------------------------------------------------+
; Parameter Settings for User Entity Instance: pc:PC ;
+------------------------+-------+-------------------+
; Parameter Name         ; Value ; Type              ;
+------------------------+-------+-------------------+
; largurabarramentodados ; 32    ; Signed Integer    ;
+------------------------+-------+-------------------+
Note: In order to hide this table in the UI and the text report file, please set the "Show Parameter Settings in Synthesis Report" option in "Analysis and Synthesis Settings -> More Settings" to "Off".


+------------------------------------------------------------------------------------------------------------------------+
; Port Connectivity Checks: "romMif:ROM"                                                                                 ;
+--------------+--------+----------+-------------------------------------------------------------------------------------+
; Port         ; Type   ; Severity ; Details                                                                             ;
+--------------+--------+----------+-------------------------------------------------------------------------------------+
; dado[31..26] ; Output ; Info     ; Connected to dangling logic. Logic that only feeds a dangling port will be removed. ;
; dado[10..0]  ; Output ; Info     ; Connected to dangling logic. Logic that only feeds a dangling port will be removed. ;
+--------------+--------+----------+-------------------------------------------------------------------------------------+


+-----------------------------------------------------+
; Post-Synthesis Netlist Statistics for Top Partition ;
+-----------------------+-----------------------------+
; Type                  ; Count                       ;
+-----------------------+-----------------------------+
; arriav_lcell_comb     ; 1                           ;
;     normal            ; 1                           ;
;         0 data inputs ; 1                           ;
; boundary_port         ; 15                          ;
;                       ;                             ;
; Max LUT depth         ; 0.00                        ;
; Average LUT depth     ; 0.00                        ;
+-----------------------+-----------------------------+


+-------------------------------+
; Elapsed Time Per Partition    ;
+----------------+--------------+
; Partition Name ; Elapsed Time ;
+----------------+--------------+
; Top            ; 00:00:00     ;
+----------------+--------------+


+-------------------------------+
; Analysis & Synthesis Messages ;
+-------------------------------+
Info: *******************************************************************
Info: Running Quartus Prime Analysis & Synthesis
    Info: Version 17.1.0 Build 590 10/25/2017 SJ Lite Edition
    Info: Processing started: Wed Oct 23 14:17:16 2019
Info: Command: quartus_map --read_settings_files=on --write_settings_files=off R -c R
Warning (18236): Number of processors has not been specified which may cause overloading on shared machines.  Set the global assignment NUM_PARALLEL_PROCESSORS in your QSF to an appropriate value for best performance.
Info (20030): Parallel compilation is enabled and will use 4 of the 4 processors detected
Info (12021): Found 2 design units, including 1 entities, in source file bancoregistradores.vhd
    Info (12022): Found design unit 1: bancoRegistradores-comportamento File: D:/intelFPGA_lite/17.1/InstrucaoR/bancoRegistradores.vhd Line: 30
    Info (12023): Found entity 1: bancoRegistradores File: D:/intelFPGA_lite/17.1/InstrucaoR/bancoRegistradores.vhd Line: 7
Info (12021): Found 2 design units, including 1 entities, in source file rommif.vhd
    Info (12022): Found design unit 1: romMif-initFileROM File: D:/intelFPGA_lite/17.1/InstrucaoR/romMif.vhd Line: 20
    Info (12023): Found entity 1: romMif File: D:/intelFPGA_lite/17.1/InstrucaoR/romMif.vhd Line: 6
Info (12021): Found 2 design units, including 1 entities, in source file pc.vhd
    Info (12022): Found design unit 1: pc-arch File: D:/intelFPGA_lite/17.1/InstrucaoR/pc.vhd Line: 16
    Info (12023): Found entity 1: pc File: D:/intelFPGA_lite/17.1/InstrucaoR/pc.vhd Line: 5
Info (12021): Found 2 design units, including 1 entities, in source file somador.vhd
    Info (12022): Found design unit 1: somador-comportamento File: D:/intelFPGA_lite/17.1/InstrucaoR/somador.vhd Line: 18
    Info (12023): Found entity 1: somador File: D:/intelFPGA_lite/17.1/InstrucaoR/somador.vhd Line: 5
Info (12021): Found 2 design units, including 1 entities, in source file r.vhd
    Info (12022): Found design unit 1: R-estrutural File: D:/intelFPGA_lite/17.1/InstrucaoR/R.vhd Line: 24
    Info (12023): Found entity 1: R File: D:/intelFPGA_lite/17.1/InstrucaoR/R.vhd Line: 9
Info (12021): Found 2 design units, including 1 entities, in source file ula.vhd
    Info (12022): Found design unit 1: ULA-functions File: D:/intelFPGA_lite/17.1/InstrucaoR/ula.vhd Line: 27
    Info (12023): Found entity 1: ula File: D:/intelFPGA_lite/17.1/InstrucaoR/ula.vhd Line: 8
Info (12127): Elaborating entity "R" for the top level hierarchy
Warning (10541): VHDL Signal Declaration warning at R.vhd(18): used implicit default value for signal "opcode" because signal was never assigned a value or an explicit default value. Use of implicit default value may introduce unintended design optimizations. File: D:/intelFPGA_lite/17.1/InstrucaoR/R.vhd Line: 18
Warning (10541): VHDL Signal Declaration warning at R.vhd(19): used implicit default value for signal "funct" because signal was never assigned a value or an explicit default value. Use of implicit default value may introduce unintended design optimizations. File: D:/intelFPGA_lite/17.1/InstrucaoR/R.vhd Line: 19
Info (12128): Elaborating entity "bancoRegistradores" for hierarchy "bancoRegistradores:bancoRegistradores" File: D:/intelFPGA_lite/17.1/InstrucaoR/R.vhd Line: 33
Warning (10492): VHDL Process Statement warning at bancoRegistradores.vhd(51): signal "enderecoA" is read inside the Process Statement but isn't in the Process Statement's sensitivity list File: D:/intelFPGA_lite/17.1/InstrucaoR/bancoRegistradores.vhd Line: 51
Warning (10492): VHDL Process Statement warning at bancoRegistradores.vhd(54): signal "enderecoA" is read inside the Process Statement but isn't in the Process Statement's sensitivity list File: D:/intelFPGA_lite/17.1/InstrucaoR/bancoRegistradores.vhd Line: 54
Warning (10492): VHDL Process Statement warning at bancoRegistradores.vhd(56): signal "enderecoB" is read inside the Process Statement but isn't in the Process Statement's sensitivity list File: D:/intelFPGA_lite/17.1/InstrucaoR/bancoRegistradores.vhd Line: 56
Warning (10492): VHDL Process Statement warning at bancoRegistradores.vhd(59): signal "enderecoB" is read inside the Process Statement but isn't in the Process Statement's sensitivity list File: D:/intelFPGA_lite/17.1/InstrucaoR/bancoRegistradores.vhd Line: 59
Info (12128): Elaborating entity "ula" for hierarchy "ula:ULA" File: D:/intelFPGA_lite/17.1/InstrucaoR/R.vhd Line: 48
Info (12128): Elaborating entity "romMif" for hierarchy "romMif:ROM" File: D:/intelFPGA_lite/17.1/InstrucaoR/R.vhd Line: 58
Warning (10639): VHDL warning at romMif.vhd(22): constant value overflow File: D:/intelFPGA_lite/17.1/InstrucaoR/romMif.vhd Line: 22
Warning (10445): VHDL Subtype or Type Declaration warning at romMif.vhd(22): subtype or type has null range File: D:/intelFPGA_lite/17.1/InstrucaoR/romMif.vhd Line: 22
Warning (10541): VHDL Signal Declaration warning at romMif.vhd(23): used implicit default value for signal "content" because signal was never assigned a value or an explicit default value. Use of implicit default value may introduce unintended design optimizations. File: D:/intelFPGA_lite/17.1/InstrucaoR/romMif.vhd Line: 23
Info (12128): Elaborating entity "somador" for hierarchy "somador:SOMADOR" File: D:/intelFPGA_lite/17.1/InstrucaoR/R.vhd Line: 69
Info (12128): Elaborating entity "pc" for hierarchy "pc:PC" File: D:/intelFPGA_lite/17.1/InstrucaoR/R.vhd Line: 78
Warning (13024): Output pins are stuck at VCC or GND
    Warning (13410): Pin "opcode[0]" is stuck at GND File: D:/intelFPGA_lite/17.1/InstrucaoR/R.vhd Line: 18
    Warning (13410): Pin "opcode[1]" is stuck at GND File: D:/intelFPGA_lite/17.1/InstrucaoR/R.vhd Line: 18
    Warning (13410): Pin "opcode[2]" is stuck at GND File: D:/intelFPGA_lite/17.1/InstrucaoR/R.vhd Line: 18
    Warning (13410): Pin "opcode[3]" is stuck at GND File: D:/intelFPGA_lite/17.1/InstrucaoR/R.vhd Line: 18
    Warning (13410): Pin "opcode[4]" is stuck at GND File: D:/intelFPGA_lite/17.1/InstrucaoR/R.vhd Line: 18
    Warning (13410): Pin "opcode[5]" is stuck at GND File: D:/intelFPGA_lite/17.1/InstrucaoR/R.vhd Line: 18
    Warning (13410): Pin "funct[0]" is stuck at GND File: D:/intelFPGA_lite/17.1/InstrucaoR/R.vhd Line: 19
    Warning (13410): Pin "funct[1]" is stuck at GND File: D:/intelFPGA_lite/17.1/InstrucaoR/R.vhd Line: 19
    Warning (13410): Pin "funct[2]" is stuck at GND File: D:/intelFPGA_lite/17.1/InstrucaoR/R.vhd Line: 19
    Warning (13410): Pin "funct[3]" is stuck at GND File: D:/intelFPGA_lite/17.1/InstrucaoR/R.vhd Line: 19
    Warning (13410): Pin "funct[4]" is stuck at GND File: D:/intelFPGA_lite/17.1/InstrucaoR/R.vhd Line: 19
    Warning (13410): Pin "funct[5]" is stuck at GND File: D:/intelFPGA_lite/17.1/InstrucaoR/R.vhd Line: 19
Info (16010): Generating hard_block partition "hard_block:auto_generated_inst"
    Info (16011): Adding 0 node(s), including 0 DDIO, 0 PLL, 0 transceiver and 0 LCELL
Warning (21074): Design contains 3 input pin(s) that do not drive logic
    Warning (15610): No output dependent on input pin "clk" File: D:/intelFPGA_lite/17.1/InstrucaoR/R.vhd Line: 16
    Warning (15610): No output dependent on input pin "controle[0]" File: D:/intelFPGA_lite/17.1/InstrucaoR/R.vhd Line: 17
    Warning (15610): No output dependent on input pin "controle[1]" File: D:/intelFPGA_lite/17.1/InstrucaoR/R.vhd Line: 17
Info (21057): Implemented 15 device resources after synthesis - the final resource count might be different
    Info (21058): Implemented 3 input pins
    Info (21059): Implemented 12 output pins
Info: Quartus Prime Analysis & Synthesis was successful. 0 errors, 27 warnings
    Info: Peak virtual memory: 4861 megabytes
    Info: Processing ended: Wed Oct 23 14:17:37 2019
    Info: Elapsed time: 00:00:21
    Info: Total CPU time (on all processors): 00:00:44


