Analysis & Synthesis report for mips
Tue Dec 03 18:21:43 2019
Quartus Prime Version 17.1.0 Build 590 10/25/2017 SJ Lite Edition


---------------------
; Table of Contents ;
---------------------
  1. Legal Notice
  2. Analysis & Synthesis Summary
  3. Analysis & Synthesis Settings
  4. Parallel Compilation
  5. Analysis & Synthesis Source Files Read
  6. Analysis & Synthesis Resource Usage Summary
  7. Analysis & Synthesis Resource Utilization by Entity
  8. Registers Removed During Synthesis
  9. General Register Statistics
 10. Multiplexer Restructuring Statistics (Restructuring Performed)
 11. Parameter Settings for User Entity Instance: fluxo_dados:FD
 12. Parameter Settings for User Entity Instance: fluxo_dados:FD|bancoRegistradores:BR
 13. Parameter Settings for User Entity Instance: fluxo_dados:FD|ULA:ULA
 14. Parameter Settings for User Entity Instance: fluxo_dados:FD|Registrador:PC
 15. Parameter Settings for User Entity Instance: fluxo_dados:FD|somador:Somador_imediato
 16. Parameter Settings for User Entity Instance: fluxo_dados:FD|soma4:Somador
 17. Parameter Settings for User Entity Instance: fluxo_dados:FD|ROM:ROM
 18. Parameter Settings for User Entity Instance: fluxo_dados:FD|single_port_RAM:RAM
 19. Parameter Settings for User Entity Instance: fluxo_dados:FD|estendeSinalGenerico:extensor
 20. Parameter Settings for User Entity Instance: fluxo_dados:FD|shift2_imediato:shift
 21. Parameter Settings for User Entity Instance: fluxo_dados:FD|shift2:shift_jump
 22. Parameter Settings for User Entity Instance: fluxo_dados:FD|muxGenerico4:mux_Ula_Memoria
 23. Parameter Settings for User Entity Instance: fluxo_dados:FD|muxGenerico4:mux_Rd_Rt
 24. Parameter Settings for User Entity Instance: fluxo_dados:FD|muxGenerico2:mux_Banco_Ula
 25. Parameter Settings for User Entity Instance: fluxo_dados:FD|muxGenerico2:mux_beq2
 26. Parameter Settings for User Entity Instance: fluxo_dados:FD|muxGenerico4:mux_jump2
 27. Parameter Settings for User Entity Instance: fluxo_dados:FD|muxGenerico2_1bit:mux_bne2
 28. Parameter Settings for User Entity Instance: fluxo_dados:FD|muxGenerico2:mux_lui
 29. Parameter Settings for User Entity Instance: registradorClock:registradorClock
 30. Port Connectivity Checks: "conversorHex7Seg:conersortHex7segULA"
 31. Port Connectivity Checks: "conversorHex7Seg:conersortHex7segPC"
 32. Port Connectivity Checks: "fluxo_dados:FD|muxGenerico2:mux_lui"
 33. Port Connectivity Checks: "fluxo_dados:FD|muxGenerico4:mux_Rd_Rt"
 34. Port Connectivity Checks: "fluxo_dados:FD|Registrador:PC"
 35. Port Connectivity Checks: "fluxo_dados:FD"
 36. Post-Synthesis Netlist Statistics for Top Partition
 37. Elapsed Time Per Partition
 38. Analysis & Synthesis Messages



----------------
; Legal Notice ;
----------------
Copyright (C) 2017  Intel Corporation. All rights reserved.
Your use of Intel Corporation's design tools, logic functions 
and other software and tools, and its AMPP partner logic 
functions, and any output files from any of the foregoing 
(including device programming or simulation files), and any 
associated documentation or information are expressly subject 
to the terms and conditions of the Intel Program License 
Subscription Agreement, the Intel Quartus Prime License Agreement,
the Intel FPGA IP License Agreement, or other applicable license
agreement, including, without limitation, that your use is for
the sole purpose of programming logic devices manufactured by
Intel and sold by Intel or its authorized distributors.  Please
refer to the applicable agreement for further details.



+----------------------------------------------------------------------------------+
; Analysis & Synthesis Summary                                                     ;
+------------------------------------+---------------------------------------------+
; Analysis & Synthesis Status        ; Successful - Tue Dec 03 18:21:43 2019       ;
; Quartus Prime Version              ; 17.1.0 Build 590 10/25/2017 SJ Lite Edition ;
; Revision Name                      ; mips                                        ;
; Top-level Entity Name              ; mips                                        ;
; Family                             ; Cyclone IV E                                ;
; Total logic elements               ; 2,589                                       ;
;     Total combinational functions  ; 1,670                                       ;
;     Dedicated logic registers      ; 1,002                                       ;
; Total registers                    ; 1002                                        ;
; Total pins                         ; 322                                         ;
; Total virtual pins                 ; 0                                           ;
; Total memory bits                  ; 0                                           ;
; Embedded Multiplier 9-bit elements ; 0                                           ;
; Total PLLs                         ; 0                                           ;
+------------------------------------+---------------------------------------------+


+----------------------------------------------------------------------------------------------------------------------+
; Analysis & Synthesis Settings                                                                                        ;
+----------------------------------------------------------------------------+--------------------+--------------------+
; Option                                                                     ; Setting            ; Default Value      ;
+----------------------------------------------------------------------------+--------------------+--------------------+
; Device                                                                     ; EP4CE115F29C7      ;                    ;
; Top-level entity name                                                      ; mips               ; mips               ;
; Family name                                                                ; Cyclone IV E       ; Cyclone V          ;
; Maximum processors allowed for parallel compilation                        ; All                ;                    ;
; VHDL Show LMF Mapping Messages                                             ; Off                ;                    ;
; VHDL Version                                                               ; VHDL_2008          ; VHDL_1993          ;
; Use smart compilation                                                      ; Off                ; Off                ;
; Enable parallel Assembler and TimeQuest Timing Analyzer during compilation ; On                 ; On                 ;
; Enable compact report table                                                ; Off                ; Off                ;
; Restructure Multiplexers                                                   ; Auto               ; Auto               ;
; Create Debugging Nodes for IP Cores                                        ; Off                ; Off                ;
; Preserve fewer node names                                                  ; On                 ; On                 ;
; Intel FPGA IP Evaluation Mode                                              ; Enable             ; Enable             ;
; Verilog Version                                                            ; Verilog_2001       ; Verilog_2001       ;
; State Machine Processing                                                   ; Auto               ; Auto               ;
; Safe State Machine                                                         ; Off                ; Off                ;
; Extract Verilog State Machines                                             ; On                 ; On                 ;
; Extract VHDL State Machines                                                ; On                 ; On                 ;
; Ignore Verilog initial constructs                                          ; Off                ; Off                ;
; Iteration limit for constant Verilog loops                                 ; 5000               ; 5000               ;
; Iteration limit for non-constant Verilog loops                             ; 250                ; 250                ;
; Add Pass-Through Logic to Inferred RAMs                                    ; On                 ; On                 ;
; Infer RAMs from Raw Logic                                                  ; On                 ; On                 ;
; Parallel Synthesis                                                         ; On                 ; On                 ;
; DSP Block Balancing                                                        ; Auto               ; Auto               ;
; NOT Gate Push-Back                                                         ; On                 ; On                 ;
; Power-Up Don't Care                                                        ; On                 ; On                 ;
; Remove Redundant Logic Cells                                               ; Off                ; Off                ;
; Remove Duplicate Registers                                                 ; On                 ; On                 ;
; Ignore CARRY Buffers                                                       ; Off                ; Off                ;
; Ignore CASCADE Buffers                                                     ; Off                ; Off                ;
; Ignore GLOBAL Buffers                                                      ; Off                ; Off                ;
; Ignore ROW GLOBAL Buffers                                                  ; Off                ; Off                ;
; Ignore LCELL Buffers                                                       ; Off                ; Off                ;
; Ignore SOFT Buffers                                                        ; On                 ; On                 ;
; Limit AHDL Integers to 32 Bits                                             ; Off                ; Off                ;
; Optimization Technique                                                     ; Balanced           ; Balanced           ;
; Carry Chain Length                                                         ; 70                 ; 70                 ;
; Auto Carry Chains                                                          ; On                 ; On                 ;
; Auto Open-Drain Pins                                                       ; On                 ; On                 ;
; Perform WYSIWYG Primitive Resynthesis                                      ; Off                ; Off                ;
; Auto ROM Replacement                                                       ; On                 ; On                 ;
; Auto RAM Replacement                                                       ; On                 ; On                 ;
; Auto DSP Block Replacement                                                 ; On                 ; On                 ;
; Auto Shift Register Replacement                                            ; Auto               ; Auto               ;
; Allow Shift Register Merging across Hierarchies                            ; Auto               ; Auto               ;
; Auto Clock Enable Replacement                                              ; On                 ; On                 ;
; Strict RAM Replacement                                                     ; Off                ; Off                ;
; Allow Synchronous Control Signals                                          ; On                 ; On                 ;
; Force Use of Synchronous Clear Signals                                     ; Off                ; Off                ;
; Auto RAM Block Balancing                                                   ; On                 ; On                 ;
; Auto RAM to Logic Cell Conversion                                          ; Off                ; Off                ;
; Auto Resource Sharing                                                      ; Off                ; Off                ;
; Allow Any RAM Size For Recognition                                         ; Off                ; Off                ;
; Allow Any ROM Size For Recognition                                         ; Off                ; Off                ;
; Allow Any Shift Register Size For Recognition                              ; Off                ; Off                ;
; Use LogicLock Constraints during Resource Balancing                        ; On                 ; On                 ;
; Ignore translate_off and synthesis_off directives                          ; Off                ; Off                ;
; Timing-Driven Synthesis                                                    ; On                 ; On                 ;
; Report Parameter Settings                                                  ; On                 ; On                 ;
; Report Source Assignments                                                  ; On                 ; On                 ;
; Report Connectivity Checks                                                 ; On                 ; On                 ;
; Ignore Maximum Fan-Out Assignments                                         ; Off                ; Off                ;
; Synchronization Register Chain Length                                      ; 2                  ; 2                  ;
; Power Optimization During Synthesis                                        ; Normal compilation ; Normal compilation ;
; HDL message level                                                          ; Level2             ; Level2             ;
; Suppress Register Optimization Related Messages                            ; Off                ; Off                ;
; Number of Removed Registers Reported in Synthesis Report                   ; 5000               ; 5000               ;
; Number of Swept Nodes Reported in Synthesis Report                         ; 5000               ; 5000               ;
; Number of Inverted Registers Reported in Synthesis Report                  ; 100                ; 100                ;
; Clock MUX Protection                                                       ; On                 ; On                 ;
; Auto Gated Clock Conversion                                                ; Off                ; Off                ;
; Block Design Naming                                                        ; Auto               ; Auto               ;
; SDC constraint protection                                                  ; Off                ; Off                ;
; Synthesis Effort                                                           ; Auto               ; Auto               ;
; Shift Register Replacement - Allow Asynchronous Clear Signal               ; On                 ; On                 ;
; Pre-Mapping Resynthesis Optimization                                       ; Off                ; Off                ;
; Analysis & Synthesis Message Level                                         ; Medium             ; Medium             ;
; Disable Register Merging Across Hierarchies                                ; Auto               ; Auto               ;
; Resource Aware Inference For Block RAM                                     ; On                 ; On                 ;
+----------------------------------------------------------------------------+--------------------+--------------------+


+------------------------------------------+
; Parallel Compilation                     ;
+----------------------------+-------------+
; Processors                 ; Number      ;
+----------------------------+-------------+
; Number detected on machine ; 8           ;
; Maximum allowed            ; 4           ;
;                            ;             ;
; Average used               ; 1.00        ;
; Maximum used               ; 4           ;
;                            ;             ;
; Usage by Processor         ; % Time Used ;
;     Processor 1            ; 100.0%      ;
;     Processor 2            ;   0.0%      ;
;     Processor 3            ;   0.0%      ;
;     Processor 4            ;   0.0%      ;
+----------------------------+-------------+


+------------------------------------------------------------------------------------------------------------------------------------------------------------------------------------------------------------------+
; Analysis & Synthesis Source Files Read                                                                                                                                                                           ;
+----------------------------------+-----------------+-----------------+---------------------------------------------------------------------------------------------------------------------------------+---------+
; File Name with User-Entered Path ; Used in Netlist ; File Type       ; File Name with Absolute Path                                                                                                    ; Library ;
+----------------------------------+-----------------+-----------------+---------------------------------------------------------------------------------------------------------------------------------+---------+
; ULA.vhd                          ; yes             ; User VHDL File  ; C:/Users/Nicolas Stegmann/Documents/Insper/Sexto/descomp/MIPS/ProcessadorMIPS/Mips/mips-SemUC_restored/ULA.vhd                  ;         ;
; UC_ULA.vhd                       ; yes             ; User VHDL File  ; C:/Users/Nicolas Stegmann/Documents/Insper/Sexto/descomp/MIPS/ProcessadorMIPS/Mips/mips-SemUC_restored/UC_ULA.vhd               ;         ;
; uc.vhd                           ; yes             ; User VHDL File  ; C:/Users/Nicolas Stegmann/Documents/Insper/Sexto/descomp/MIPS/ProcessadorMIPS/Mips/mips-SemUC_restored/uc.vhd                   ;         ;
; somador.vhd                      ; yes             ; User VHDL File  ; C:/Users/Nicolas Stegmann/Documents/Insper/Sexto/descomp/MIPS/ProcessadorMIPS/Mips/mips-SemUC_restored/somador.vhd              ;         ;
; soma4.vhd                        ; yes             ; User VHDL File  ; C:/Users/Nicolas Stegmann/Documents/Insper/Sexto/descomp/MIPS/ProcessadorMIPS/Mips/mips-SemUC_restored/soma4.vhd                ;         ;
; single_port_RAM.vhd              ; yes             ; User VHDL File  ; C:/Users/Nicolas Stegmann/Documents/Insper/Sexto/descomp/MIPS/ProcessadorMIPS/Mips/mips-SemUC_restored/single_port_RAM.vhd      ;         ;
; shift2_imediato.vhd              ; yes             ; User VHDL File  ; C:/Users/Nicolas Stegmann/Documents/Insper/Sexto/descomp/MIPS/ProcessadorMIPS/Mips/mips-SemUC_restored/shift2_imediato.vhd      ;         ;
; shift2.vhd                       ; yes             ; User VHDL File  ; C:/Users/Nicolas Stegmann/Documents/Insper/Sexto/descomp/MIPS/ProcessadorMIPS/Mips/mips-SemUC_restored/shift2.vhd               ;         ;
; ROM.vhd                          ; yes             ; User VHDL File  ; C:/Users/Nicolas Stegmann/Documents/Insper/Sexto/descomp/MIPS/ProcessadorMIPS/Mips/mips-SemUC_restored/ROM.vhd                  ;         ;
; Registrador.vhd                  ; yes             ; User VHDL File  ; C:/Users/Nicolas Stegmann/Documents/Insper/Sexto/descomp/MIPS/ProcessadorMIPS/Mips/mips-SemUC_restored/Registrador.vhd          ;         ;
; muxGenerico2.vhd                 ; yes             ; User VHDL File  ; C:/Users/Nicolas Stegmann/Documents/Insper/Sexto/descomp/MIPS/ProcessadorMIPS/Mips/mips-SemUC_restored/muxGenerico2.vhd         ;         ;
; mips.vhd                         ; yes             ; User VHDL File  ; C:/Users/Nicolas Stegmann/Documents/Insper/Sexto/descomp/MIPS/ProcessadorMIPS/Mips/mips-SemUC_restored/mips.vhd                 ;         ;
; fluxo_dados.vhd                  ; yes             ; User VHDL File  ; C:/Users/Nicolas Stegmann/Documents/Insper/Sexto/descomp/MIPS/ProcessadorMIPS/Mips/mips-SemUC_restored/fluxo_dados.vhd          ;         ;
; estendeSinalGenerico.vhd         ; yes             ; User VHDL File  ; C:/Users/Nicolas Stegmann/Documents/Insper/Sexto/descomp/MIPS/ProcessadorMIPS/Mips/mips-SemUC_restored/estendeSinalGenerico.vhd ;         ;
; constantesMIPS.vhd               ; yes             ; User VHDL File  ; C:/Users/Nicolas Stegmann/Documents/Insper/Sexto/descomp/MIPS/ProcessadorMIPS/Mips/mips-SemUC_restored/constantesMIPS.vhd       ;         ;
; bancoRegistradores.vhd           ; yes             ; User VHDL File  ; C:/Users/Nicolas Stegmann/Documents/Insper/Sexto/descomp/MIPS/ProcessadorMIPS/Mips/mips-SemUC_restored/bancoRegistradores.vhd   ;         ;
; edgeDetector.vhd                 ; yes             ; User VHDL File  ; C:/Users/Nicolas Stegmann/Documents/Insper/Sexto/descomp/MIPS/ProcessadorMIPS/Mips/mips-SemUC_restored/edgeDetector.vhd         ;         ;
; conversorHex7Seg.vhd             ; yes             ; User VHDL File  ; C:/Users/Nicolas Stegmann/Documents/Insper/Sexto/descomp/MIPS/ProcessadorMIPS/Mips/mips-SemUC_restored/conversorHex7Seg.vhd     ;         ;
; muxGenerico2_1bit.vhd            ; yes             ; User VHDL File  ; C:/Users/Nicolas Stegmann/Documents/Insper/Sexto/descomp/MIPS/ProcessadorMIPS/Mips/mips-SemUC_restored/muxGenerico2_1bit.vhd    ;         ;
; muxGenerico4.vhd                 ; yes             ; User VHDL File  ; C:/Users/Nicolas Stegmann/Documents/Insper/Sexto/descomp/MIPS/ProcessadorMIPS/Mips/mips-SemUC_restored/muxGenerico4.vhd         ;         ;
; registradorClock.vhd             ; yes             ; User VHDL File  ; C:/Users/Nicolas Stegmann/Documents/Insper/Sexto/descomp/MIPS/ProcessadorMIPS/Mips/mips-SemUC_restored/registradorClock.vhd     ;         ;
+----------------------------------+-----------------+-----------------+---------------------------------------------------------------------------------------------------------------------------------+---------+


+----------------------------------------------------------------------------------+
; Analysis & Synthesis Resource Usage Summary                                      ;
+---------------------------------------------+------------------------------------+
; Resource                                    ; Usage                              ;
+---------------------------------------------+------------------------------------+
; Estimated Total logic elements              ; 2,589                              ;
;                                             ;                                    ;
; Total combinational functions               ; 1670                               ;
; Logic element usage by number of LUT inputs ;                                    ;
;     -- 4 input functions                    ; 1190                               ;
;     -- 3 input functions                    ; 353                                ;
;     -- <=2 input functions                  ; 127                                ;
;                                             ;                                    ;
; Logic elements by mode                      ;                                    ;
;     -- normal mode                          ; 1550                               ;
;     -- arithmetic mode                      ; 120                                ;
;                                             ;                                    ;
; Total registers                             ; 1002                               ;
;     -- Dedicated logic registers            ; 1002                               ;
;     -- I/O registers                        ; 0                                  ;
;                                             ;                                    ;
; I/O pins                                    ; 322                                ;
;                                             ;                                    ;
; Embedded Multiplier 9-bit elements          ; 0                                  ;
;                                             ;                                    ;
; Maximum fan-out node                        ; edgeDetector:detectorDescida|saida ;
; Maximum fan-out                             ; 1000                               ;
; Total fan-out                               ; 9658                               ;
; Average fan-out                             ; 2.91                               ;
+---------------------------------------------+------------------------------------+


+-----------------------------------------------------------------------------------------------------------------------------------------------------------------------------------------------------------------------------------------------------------------+
; Analysis & Synthesis Resource Utilization by Entity                                                                                                                                                                                                             ;
+-------------------------------------------+---------------------+---------------------------+-------------+--------------+---------+-----------+------+--------------+----------------------------------------------------+----------------------+--------------+
; Compilation Hierarchy Node                ; Combinational ALUTs ; Dedicated Logic Registers ; Memory Bits ; DSP Elements ; DSP 9x9 ; DSP 18x18 ; Pins ; Virtual Pins ; Full Hierarchy Name                                ; Entity Name          ; Library Name ;
+-------------------------------------------+---------------------+---------------------------+-------------+--------------+---------+-----------+------+--------------+----------------------------------------------------+----------------------+--------------+
; |mips                                     ; 1670 (0)            ; 1002 (0)                  ; 0           ; 0            ; 0       ; 0         ; 322  ; 0            ; |mips                                              ; mips                 ; work         ;
;    |conversorHex7Seg:conersortHex7segPC|  ; 38 (38)             ; 0 (0)                     ; 0           ; 0            ; 0       ; 0         ; 0    ; 0            ; |mips|conversorHex7Seg:conersortHex7segPC          ; conversorHex7Seg     ; work         ;
;    |conversorHex7Seg:conersortHex7segULA| ; 55 (55)             ; 0 (0)                     ; 0           ; 0            ; 0       ; 0         ; 0    ; 0            ; |mips|conversorHex7Seg:conersortHex7segULA         ; conversorHex7Seg     ; work         ;
;    |edgeDetector:detectorDescida|         ; 1 (1)               ; 1 (1)                     ; 0           ; 0            ; 0       ; 0         ; 0    ; 0            ; |mips|edgeDetector:detectorDescida                 ; edgeDetector         ; work         ;
;    |fluxo_dados:FD|                       ; 1542 (1)            ; 1000 (0)                  ; 0           ; 0            ; 0       ; 0         ; 0    ; 0            ; |mips|fluxo_dados:FD                               ; fluxo_dados          ; work         ;
;       |ROM:ROM|                           ; 42 (42)             ; 0 (0)                     ; 0           ; 0            ; 0       ; 0         ; 0    ; 0            ; |mips|fluxo_dados:FD|ROM:ROM                       ; ROM                  ; work         ;
;       |Registrador:PC|                    ; 0 (0)               ; 32 (32)                   ; 0           ; 0            ; 0       ; 0         ; 0    ; 0            ; |mips|fluxo_dados:FD|Registrador:PC                ; Registrador          ; work         ;
;       |UC_ULA:UCULA|                      ; 10 (10)             ; 0 (0)                     ; 0           ; 0            ; 0       ; 0         ; 0    ; 0            ; |mips|fluxo_dados:FD|UC_ULA:UCULA                  ; UC_ULA               ; work         ;
;       |ULA:ULA|                           ; 211 (211)           ; 0 (0)                     ; 0           ; 0            ; 0       ; 0         ; 0    ; 0            ; |mips|fluxo_dados:FD|ULA:ULA                       ; ULA                  ; work         ;
;       |bancoRegistradores:BR|             ; 1040 (1040)         ; 968 (968)                 ; 0           ; 0            ; 0       ; 0         ; 0    ; 0            ; |mips|fluxo_dados:FD|bancoRegistradores:BR         ; bancoRegistradores   ; work         ;
;       |estendeSinalGenerico:extensor|     ; 1 (1)               ; 0 (0)                     ; 0           ; 0            ; 0       ; 0         ; 0    ; 0            ; |mips|fluxo_dados:FD|estendeSinalGenerico:extensor ; estendeSinalGenerico ; work         ;
;       |muxGenerico2:mux_Banco_Ula|        ; 32 (32)             ; 0 (0)                     ; 0           ; 0            ; 0       ; 0         ; 0    ; 0            ; |mips|fluxo_dados:FD|muxGenerico2:mux_Banco_Ula    ; muxGenerico2         ; work         ;
;       |muxGenerico2:mux_lui|              ; 48 (48)             ; 0 (0)                     ; 0           ; 0            ; 0       ; 0         ; 0    ; 0            ; |mips|fluxo_dados:FD|muxGenerico2:mux_lui          ; muxGenerico2         ; work         ;
;       |muxGenerico2_1bit:mux_bne2|        ; 1 (1)               ; 0 (0)                     ; 0           ; 0            ; 0       ; 0         ; 0    ; 0            ; |mips|fluxo_dados:FD|muxGenerico2_1bit:mux_bne2    ; muxGenerico2_1bit    ; work         ;
;       |muxGenerico4:mux_Rd_Rt|            ; 5 (5)               ; 0 (0)                     ; 0           ; 0            ; 0       ; 0         ; 0    ; 0            ; |mips|fluxo_dados:FD|muxGenerico4:mux_Rd_Rt        ; muxGenerico4         ; work         ;
;       |muxGenerico4:mux_jump2|            ; 61 (61)             ; 0 (0)                     ; 0           ; 0            ; 0       ; 0         ; 0    ; 0            ; |mips|fluxo_dados:FD|muxGenerico4:mux_jump2        ; muxGenerico4         ; work         ;
;       |soma4:Somador|                     ; 30 (30)             ; 0 (0)                     ; 0           ; 0            ; 0       ; 0         ; 0    ; 0            ; |mips|fluxo_dados:FD|soma4:Somador                 ; soma4                ; work         ;
;       |somador:Somador_imediato|          ; 60 (60)             ; 0 (0)                     ; 0           ; 0            ; 0       ; 0         ; 0    ; 0            ; |mips|fluxo_dados:FD|somador:Somador_imediato      ; somador              ; work         ;
;    |registradorClock:registradorClock|    ; 0 (0)               ; 1 (1)                     ; 0           ; 0            ; 0       ; 0         ; 0    ; 0            ; |mips|registradorClock:registradorClock            ; registradorClock     ; work         ;
;    |uc:UC|                                ; 34 (34)             ; 0 (0)                     ; 0           ; 0            ; 0       ; 0         ; 0    ; 0            ; |mips|uc:UC                                        ; uc                   ; work         ;
+-------------------------------------------+---------------------+---------------------------+-------------+--------------+---------+-----------+------+--------------+----------------------------------------------------+----------------------+--------------+
Note: For table entries with two numbers listed, the numbers in parentheses indicate the number of resources of the given type used by the specific entity alone. The numbers listed outside of parentheses indicate the total resources of the given type used by the specific entity and all of its sub-entities in the hierarchy.


+-------------------------------------------------------------------------+
; Registers Removed During Synthesis                                      ;
+----------------------------------------------------+--------------------+
; Register name                                      ; Reason for Removal ;
+----------------------------------------------------+--------------------+
; fluxo_dados:FD|bancoRegistradores:BR|bancoReg~891  ; Lost fanout        ;
; fluxo_dados:FD|bancoRegistradores:BR|bancoReg~763  ; Lost fanout        ;
; fluxo_dados:FD|bancoRegistradores:BR|bancoReg~635  ; Lost fanout        ;
; fluxo_dados:FD|bancoRegistradores:BR|bancoReg~1019 ; Lost fanout        ;
; fluxo_dados:FD|bancoRegistradores:BR|bancoReg~889  ; Lost fanout        ;
; fluxo_dados:FD|bancoRegistradores:BR|bancoReg~761  ; Lost fanout        ;
; fluxo_dados:FD|bancoRegistradores:BR|bancoReg~633  ; Lost fanout        ;
; fluxo_dados:FD|bancoRegistradores:BR|bancoReg~1017 ; Lost fanout        ;
; fluxo_dados:FD|bancoRegistradores:BR|bancoReg~887  ; Lost fanout        ;
; fluxo_dados:FD|bancoRegistradores:BR|bancoReg~759  ; Lost fanout        ;
; fluxo_dados:FD|bancoRegistradores:BR|bancoReg~631  ; Lost fanout        ;
; fluxo_dados:FD|bancoRegistradores:BR|bancoReg~1015 ; Lost fanout        ;
; fluxo_dados:FD|bancoRegistradores:BR|bancoReg~885  ; Lost fanout        ;
; fluxo_dados:FD|bancoRegistradores:BR|bancoReg~757  ; Lost fanout        ;
; fluxo_dados:FD|bancoRegistradores:BR|bancoReg~629  ; Lost fanout        ;
; fluxo_dados:FD|bancoRegistradores:BR|bancoReg~1013 ; Lost fanout        ;
; fluxo_dados:FD|bancoRegistradores:BR|bancoReg~883  ; Lost fanout        ;
; fluxo_dados:FD|bancoRegistradores:BR|bancoReg~755  ; Lost fanout        ;
; fluxo_dados:FD|bancoRegistradores:BR|bancoReg~627  ; Lost fanout        ;
; fluxo_dados:FD|bancoRegistradores:BR|bancoReg~1011 ; Lost fanout        ;
; fluxo_dados:FD|bancoRegistradores:BR|bancoReg~881  ; Lost fanout        ;
; fluxo_dados:FD|bancoRegistradores:BR|bancoReg~753  ; Lost fanout        ;
; fluxo_dados:FD|bancoRegistradores:BR|bancoReg~625  ; Lost fanout        ;
; fluxo_dados:FD|bancoRegistradores:BR|bancoReg~1009 ; Lost fanout        ;
; fluxo_dados:FD|bancoRegistradores:BR|bancoReg~879  ; Lost fanout        ;
; fluxo_dados:FD|bancoRegistradores:BR|bancoReg~751  ; Lost fanout        ;
; fluxo_dados:FD|bancoRegistradores:BR|bancoReg~623  ; Lost fanout        ;
; fluxo_dados:FD|bancoRegistradores:BR|bancoReg~1007 ; Lost fanout        ;
; fluxo_dados:FD|bancoRegistradores:BR|bancoReg~871  ; Lost fanout        ;
; fluxo_dados:FD|bancoRegistradores:BR|bancoReg~743  ; Lost fanout        ;
; fluxo_dados:FD|bancoRegistradores:BR|bancoReg~615  ; Lost fanout        ;
; fluxo_dados:FD|bancoRegistradores:BR|bancoReg~999  ; Lost fanout        ;
; fluxo_dados:FD|bancoRegistradores:BR|bancoReg~807  ; Lost fanout        ;
; fluxo_dados:FD|bancoRegistradores:BR|bancoReg~679  ; Lost fanout        ;
; fluxo_dados:FD|bancoRegistradores:BR|bancoReg~551  ; Lost fanout        ;
; fluxo_dados:FD|bancoRegistradores:BR|bancoReg~935  ; Lost fanout        ;
; fluxo_dados:FD|bancoRegistradores:BR|bancoReg~839  ; Lost fanout        ;
; fluxo_dados:FD|bancoRegistradores:BR|bancoReg~711  ; Lost fanout        ;
; fluxo_dados:FD|bancoRegistradores:BR|bancoReg~583  ; Lost fanout        ;
; fluxo_dados:FD|bancoRegistradores:BR|bancoReg~967  ; Lost fanout        ;
; fluxo_dados:FD|bancoRegistradores:BR|bancoReg~716  ; Lost fanout        ;
; fluxo_dados:FD|bancoRegistradores:BR|bancoReg~940  ; Lost fanout        ;
; fluxo_dados:FD|bancoRegistradores:BR|bancoReg~684  ; Lost fanout        ;
; fluxo_dados:FD|bancoRegistradores:BR|bancoReg~972  ; Lost fanout        ;
; fluxo_dados:FD|bancoRegistradores:BR|bancoReg~588  ; Lost fanout        ;
; fluxo_dados:FD|bancoRegistradores:BR|bancoReg~812  ; Lost fanout        ;
; fluxo_dados:FD|bancoRegistradores:BR|bancoReg~556  ; Lost fanout        ;
; fluxo_dados:FD|bancoRegistradores:BR|bancoReg~844  ; Lost fanout        ;
; fluxo_dados:FD|bancoRegistradores:BR|bancoReg~741  ; Lost fanout        ;
; fluxo_dados:FD|bancoRegistradores:BR|bancoReg~965  ; Lost fanout        ;
; fluxo_dados:FD|bancoRegistradores:BR|bancoReg~709  ; Lost fanout        ;
; fluxo_dados:FD|bancoRegistradores:BR|bancoReg~997  ; Lost fanout        ;
; fluxo_dados:FD|bancoRegistradores:BR|bancoReg~613  ; Lost fanout        ;
; fluxo_dados:FD|bancoRegistradores:BR|bancoReg~837  ; Lost fanout        ;
; fluxo_dados:FD|bancoRegistradores:BR|bancoReg~581  ; Lost fanout        ;
; fluxo_dados:FD|bancoRegistradores:BR|bancoReg~869  ; Lost fanout        ;
; Total Number of Removed Registers = 56             ;                    ;
+----------------------------------------------------+--------------------+


+------------------------------------------------------+
; General Register Statistics                          ;
+----------------------------------------------+-------+
; Statistic                                    ; Value ;
+----------------------------------------------+-------+
; Total registers                              ; 1002  ;
; Number of registers using Synchronous Clear  ; 0     ;
; Number of registers using Synchronous Load   ; 0     ;
; Number of registers using Asynchronous Clear ; 1     ;
; Number of registers using Asynchronous Load  ; 0     ;
; Number of registers using Clock Enable       ; 968   ;
; Number of registers using Preset             ; 0     ;
+----------------------------------------------+-------+


+--------------------------------------------------------------------------------------------------------------------------------------------------------------------+
; Multiplexer Restructuring Statistics (Restructuring Performed)                                                                                                     ;
+--------------------+-----------+---------------+----------------------+------------------------+------------+------------------------------------------------------+
; Multiplexer Inputs ; Bus Width ; Baseline Area ; Area if Restructured ; Saving if Restructured ; Registered ; Example Multiplexer Output                           ;
+--------------------+-----------+---------------+----------------------+------------------------+------------+------------------------------------------------------+
; 3:1                ; 2 bits    ; 4 LEs         ; 4 LEs                ; 0 LEs                  ; No         ; |mips|uc:UC|pontosDeControle[6]                      ;
; 3:1                ; 2 bits    ; 4 LEs         ; 2 LEs                ; 2 LEs                  ; No         ; |mips|uc:UC|pontosDeControle                         ;
; 4:1                ; 2 bits    ; 4 LEs         ; 4 LEs                ; 0 LEs                  ; No         ; |mips|uc:UC|pontosDeControle[2]                      ;
; 4:1                ; 2 bits    ; 4 LEs         ; 4 LEs                ; 0 LEs                  ; No         ; |mips|uc:UC|pontosDeControle[5]                      ;
; 3:1                ; 3 bits    ; 6 LEs         ; 6 LEs                ; 0 LEs                  ; No         ; |mips|fluxo_dados:FD|muxGenerico4:mux_jump2|saida[0] ;
; 3:1                ; 29 bits   ; 58 LEs        ; 58 LEs               ; 0 LEs                  ; No         ; |mips|fluxo_dados:FD|muxGenerico4:mux_jump2|saida[9] ;
; 3:1                ; 4 bits    ; 8 LEs         ; 8 LEs                ; 0 LEs                  ; No         ; |mips|fluxo_dados:FD|muxGenerico4:mux_Rd_Rt|saida[0] ;
; 9:1                ; 4 bits    ; 24 LEs        ; 20 LEs               ; 4 LEs                  ; No         ; |mips|fluxo_dados:FD|UC_ULA:UCULA|Mux11              ;
; 16:1               ; 31 bits   ; 310 LEs       ; 124 LEs              ; 186 LEs                ; No         ; |mips|fluxo_dados:FD|ULA:ULA|Mux12                   ;
; 4:1                ; 16 bits   ; 32 LEs        ; 32 LEs               ; 0 LEs                  ; No         ; |mips|fluxo_dados:FD|muxGenerico2:mux_lui|saida[0]   ;
; 4:1                ; 16 bits   ; 32 LEs        ; 32 LEs               ; 0 LEs                  ; No         ; |mips|fluxo_dados:FD|muxGenerico2:mux_lui|saida[24]  ;
+--------------------+-----------+---------------+----------------------+------------------------+------------+------------------------------------------------------+


+-------------------------------------------------------------+
; Parameter Settings for User Entity Instance: fluxo_dados:FD ;
+----------------+-------+------------------------------------+
; Parameter Name ; Value ; Type                               ;
+----------------+-------+------------------------------------+
; largurarom     ; 8     ; Signed Integer                     ;
+----------------+-------+------------------------------------+
Note: In order to hide this table in the UI and the text report file, please set the "Show Parameter Settings in Synthesis Report" option in "Analysis and Synthesis Settings -> More Settings" to "Off".


+-----------------------------------------------------------------------------------+
; Parameter Settings for User Entity Instance: fluxo_dados:FD|bancoRegistradores:BR ;
+---------------------+-------+-----------------------------------------------------+
; Parameter Name      ; Value ; Type                                                ;
+---------------------+-------+-----------------------------------------------------+
; larguradados        ; 32    ; Signed Integer                                      ;
; larguraendbancoregs ; 5     ; Signed Integer                                      ;
+---------------------+-------+-----------------------------------------------------+
Note: In order to hide this table in the UI and the text report file, please set the "Show Parameter Settings in Synthesis Report" option in "Analysis and Synthesis Settings -> More Settings" to "Off".


+---------------------------------------------------------------------+
; Parameter Settings for User Entity Instance: fluxo_dados:FD|ULA:ULA ;
+----------------+-------+--------------------------------------------+
; Parameter Name ; Value ; Type                                       ;
+----------------+-------+--------------------------------------------+
; num_bits       ; 32    ; Signed Integer                             ;
+----------------+-------+--------------------------------------------+
Note: In order to hide this table in the UI and the text report file, please set the "Show Parameter Settings in Synthesis Report" option in "Analysis and Synthesis Settings -> More Settings" to "Off".


+----------------------------------------------------------------------------+
; Parameter Settings for User Entity Instance: fluxo_dados:FD|Registrador:PC ;
+----------------+-------+---------------------------------------------------+
; Parameter Name ; Value ; Type                                              ;
+----------------+-------+---------------------------------------------------+
; num_bits       ; 32    ; Signed Integer                                    ;
+----------------+-------+---------------------------------------------------+
Note: In order to hide this table in the UI and the text report file, please set the "Show Parameter Settings in Synthesis Report" option in "Analysis and Synthesis Settings -> More Settings" to "Off".


+--------------------------------------------------------------------------------------+
; Parameter Settings for User Entity Instance: fluxo_dados:FD|somador:Somador_imediato ;
+----------------+-------+-------------------------------------------------------------+
; Parameter Name ; Value ; Type                                                        ;
+----------------+-------+-------------------------------------------------------------+
; larguradados   ; 32    ; Signed Integer                                              ;
+----------------+-------+-------------------------------------------------------------+
Note: In order to hide this table in the UI and the text report file, please set the "Show Parameter Settings in Synthesis Report" option in "Analysis and Synthesis Settings -> More Settings" to "Off".


+---------------------------------------------------------------------------+
; Parameter Settings for User Entity Instance: fluxo_dados:FD|soma4:Somador ;
+----------------+-------+--------------------------------------------------+
; Parameter Name ; Value ; Type                                             ;
+----------------+-------+--------------------------------------------------+
; larguradados   ; 32    ; Signed Integer                                   ;
; incremento     ; 4     ; Signed Integer                                   ;
+----------------+-------+--------------------------------------------------+
Note: In order to hide this table in the UI and the text report file, please set the "Show Parameter Settings in Synthesis Report" option in "Analysis and Synthesis Settings -> More Settings" to "Off".


+---------------------------------------------------------------------+
; Parameter Settings for User Entity Instance: fluxo_dados:FD|ROM:ROM ;
+-----------------+-------+-------------------------------------------+
; Parameter Name  ; Value ; Type                                      ;
+-----------------+-------+-------------------------------------------+
; datawidth       ; 32    ; Signed Integer                            ;
; addrwidth       ; 8     ; Signed Integer                            ;
; memoryaddrwidth ; 6     ; Signed Integer                            ;
+-----------------+-------+-------------------------------------------+
Note: In order to hide this table in the UI and the text report file, please set the "Show Parameter Settings in Synthesis Report" option in "Analysis and Synthesis Settings -> More Settings" to "Off".


+---------------------------------------------------------------------------------+
; Parameter Settings for User Entity Instance: fluxo_dados:FD|single_port_RAM:RAM ;
+-----------------+-------+-------------------------------------------------------+
; Parameter Name  ; Value ; Type                                                  ;
+-----------------+-------+-------------------------------------------------------+
; datawidth       ; 32    ; Signed Integer                                        ;
; addrwidth       ; 32    ; Signed Integer                                        ;
; memoryaddrwidth ; 6     ; Signed Integer                                        ;
+-----------------+-------+-------------------------------------------------------+
Note: In order to hide this table in the UI and the text report file, please set the "Show Parameter Settings in Synthesis Report" option in "Analysis and Synthesis Settings -> More Settings" to "Off".


+-------------------------------------------------------------------------------------------+
; Parameter Settings for User Entity Instance: fluxo_dados:FD|estendeSinalGenerico:extensor ;
+--------------------+-------+--------------------------------------------------------------+
; Parameter Name     ; Value ; Type                                                         ;
+--------------------+-------+--------------------------------------------------------------+
; larguradadoentrada ; 16    ; Signed Integer                                               ;
; larguradadosaida   ; 32    ; Signed Integer                                               ;
+--------------------+-------+--------------------------------------------------------------+
Note: In order to hide this table in the UI and the text report file, please set the "Show Parameter Settings in Synthesis Report" option in "Analysis and Synthesis Settings -> More Settings" to "Off".


+-----------------------------------------------------------------------------------+
; Parameter Settings for User Entity Instance: fluxo_dados:FD|shift2_imediato:shift ;
+----------------+-------+----------------------------------------------------------+
; Parameter Name ; Value ; Type                                                     ;
+----------------+-------+----------------------------------------------------------+
; larguradado    ; 32    ; Signed Integer                                           ;
+----------------+-------+----------------------------------------------------------+
Note: In order to hide this table in the UI and the text report file, please set the "Show Parameter Settings in Synthesis Report" option in "Analysis and Synthesis Settings -> More Settings" to "Off".


+-------------------------------------------------------------------------------+
; Parameter Settings for User Entity Instance: fluxo_dados:FD|shift2:shift_jump ;
+----------------+-------+------------------------------------------------------+
; Parameter Name ; Value ; Type                                                 ;
+----------------+-------+------------------------------------------------------+
; larguradado    ; 26    ; Signed Integer                                       ;
+----------------+-------+------------------------------------------------------+
Note: In order to hide this table in the UI and the text report file, please set the "Show Parameter Settings in Synthesis Report" option in "Analysis and Synthesis Settings -> More Settings" to "Off".


+------------------------------------------------------------------------------------------+
; Parameter Settings for User Entity Instance: fluxo_dados:FD|muxGenerico4:mux_Ula_Memoria ;
+----------------+-------+-----------------------------------------------------------------+
; Parameter Name ; Value ; Type                                                            ;
+----------------+-------+-----------------------------------------------------------------+
; larguradados   ; 32    ; Signed Integer                                                  ;
+----------------+-------+-----------------------------------------------------------------+
Note: In order to hide this table in the UI and the text report file, please set the "Show Parameter Settings in Synthesis Report" option in "Analysis and Synthesis Settings -> More Settings" to "Off".


+------------------------------------------------------------------------------------+
; Parameter Settings for User Entity Instance: fluxo_dados:FD|muxGenerico4:mux_Rd_Rt ;
+----------------+-------+-----------------------------------------------------------+
; Parameter Name ; Value ; Type                                                      ;
+----------------+-------+-----------------------------------------------------------+
; larguradados   ; 5     ; Signed Integer                                            ;
+----------------+-------+-----------------------------------------------------------+
Note: In order to hide this table in the UI and the text report file, please set the "Show Parameter Settings in Synthesis Report" option in "Analysis and Synthesis Settings -> More Settings" to "Off".


+----------------------------------------------------------------------------------------+
; Parameter Settings for User Entity Instance: fluxo_dados:FD|muxGenerico2:mux_Banco_Ula ;
+----------------+-------+---------------------------------------------------------------+
; Parameter Name ; Value ; Type                                                          ;
+----------------+-------+---------------------------------------------------------------+
; larguradados   ; 32    ; Signed Integer                                                ;
+----------------+-------+---------------------------------------------------------------+
Note: In order to hide this table in the UI and the text report file, please set the "Show Parameter Settings in Synthesis Report" option in "Analysis and Synthesis Settings -> More Settings" to "Off".


+-----------------------------------------------------------------------------------+
; Parameter Settings for User Entity Instance: fluxo_dados:FD|muxGenerico2:mux_beq2 ;
+----------------+-------+----------------------------------------------------------+
; Parameter Name ; Value ; Type                                                     ;
+----------------+-------+----------------------------------------------------------+
; larguradados   ; 32    ; Signed Integer                                           ;
+----------------+-------+----------------------------------------------------------+
Note: In order to hide this table in the UI and the text report file, please set the "Show Parameter Settings in Synthesis Report" option in "Analysis and Synthesis Settings -> More Settings" to "Off".


+------------------------------------------------------------------------------------+
; Parameter Settings for User Entity Instance: fluxo_dados:FD|muxGenerico4:mux_jump2 ;
+----------------+-------+-----------------------------------------------------------+
; Parameter Name ; Value ; Type                                                      ;
+----------------+-------+-----------------------------------------------------------+
; larguradados   ; 32    ; Signed Integer                                            ;
+----------------+-------+-----------------------------------------------------------+
Note: In order to hide this table in the UI and the text report file, please set the "Show Parameter Settings in Synthesis Report" option in "Analysis and Synthesis Settings -> More Settings" to "Off".


+----------------------------------------------------------------------------------------+
; Parameter Settings for User Entity Instance: fluxo_dados:FD|muxGenerico2_1bit:mux_bne2 ;
+----------------+-------+---------------------------------------------------------------+
; Parameter Name ; Value ; Type                                                          ;
+----------------+-------+---------------------------------------------------------------+
; larguradados   ; 1     ; Signed Integer                                                ;
+----------------+-------+---------------------------------------------------------------+
Note: In order to hide this table in the UI and the text report file, please set the "Show Parameter Settings in Synthesis Report" option in "Analysis and Synthesis Settings -> More Settings" to "Off".


+----------------------------------------------------------------------------------+
; Parameter Settings for User Entity Instance: fluxo_dados:FD|muxGenerico2:mux_lui ;
+----------------+-------+---------------------------------------------------------+
; Parameter Name ; Value ; Type                                                    ;
+----------------+-------+---------------------------------------------------------+
; larguradados   ; 32    ; Signed Integer                                          ;
+----------------+-------+---------------------------------------------------------+
Note: In order to hide this table in the UI and the text report file, please set the "Show Parameter Settings in Synthesis Report" option in "Analysis and Synthesis Settings -> More Settings" to "Off".


+--------------------------------------------------------------------------------+
; Parameter Settings for User Entity Instance: registradorClock:registradorClock ;
+----------------+-------+-------------------------------------------------------+
; Parameter Name ; Value ; Type                                                  ;
+----------------+-------+-------------------------------------------------------+
; larguradados   ; 1     ; Signed Integer                                        ;
+----------------+-------+-------------------------------------------------------+
Note: In order to hide this table in the UI and the text report file, please set the "Show Parameter Settings in Synthesis Report" option in "Analysis and Synthesis Settings -> More Settings" to "Off".


+------------------------------------------------------------------+
; Port Connectivity Checks: "conversorHex7Seg:conersortHex7segULA" ;
+--------+-------+----------+--------------------------------------+
; Port   ; Type  ; Severity ; Details                              ;
+--------+-------+----------+--------------------------------------+
; enable ; Input ; Info     ; Stuck at VCC                         ;
+--------+-------+----------+--------------------------------------+


+-----------------------------------------------------------------+
; Port Connectivity Checks: "conversorHex7Seg:conersortHex7segPC" ;
+--------+-------+----------+-------------------------------------+
; Port   ; Type  ; Severity ; Details                             ;
+--------+-------+----------+-------------------------------------+
; enable ; Input ; Info     ; Stuck at VCC                        ;
+--------+-------+----------+-------------------------------------+


+-----------------------------------------------------------------+
; Port Connectivity Checks: "fluxo_dados:FD|muxGenerico2:mux_lui" ;
+-----------------+-------+----------+----------------------------+
; Port            ; Type  ; Severity ; Details                    ;
+-----------------+-------+----------+----------------------------+
; entradab[15..0] ; Input ; Info     ; Stuck at GND               ;
+-----------------+-------+----------+----------------------------+


+-------------------------------------------------------------------+
; Port Connectivity Checks: "fluxo_dados:FD|muxGenerico4:mux_Rd_Rt" ;
+----------+-------+----------+-------------------------------------+
; Port     ; Type  ; Severity ; Details                             ;
+----------+-------+----------+-------------------------------------+
; entradac ; Input ; Info     ; Stuck at VCC                        ;
+----------+-------+----------+-------------------------------------+


+-----------------------------------------------------------+
; Port Connectivity Checks: "fluxo_dados:FD|Registrador:PC" ;
+--------+-------+----------+-------------------------------+
; Port   ; Type  ; Severity ; Details                       ;
+--------+-------+----------+-------------------------------+
; enable ; Input ; Info     ; Stuck at VCC                  ;
; reset  ; Input ; Info     ; Stuck at VCC                  ;
+--------+-------+----------+-------------------------------+


+----------------------------------------------------------------------------------------------------------------------------+
; Port Connectivity Checks: "fluxo_dados:FD"                                                                                 ;
+------------------+--------+----------+-------------------------------------------------------------------------------------+
; Port             ; Type   ; Severity ; Details                                                                             ;
+------------------+--------+----------+-------------------------------------------------------------------------------------+
; instrucao[25..6] ; Output ; Info     ; Connected to dangling logic. Logic that only feeds a dangling port will be removed. ;
+------------------+--------+----------+-------------------------------------------------------------------------------------+


+-----------------------------------------------------+
; Post-Synthesis Netlist Statistics for Top Partition ;
+-----------------------+-----------------------------+
; Type                  ; Count                       ;
+-----------------------+-----------------------------+
; boundary_port         ; 322                         ;
; cycloneiii_ff         ; 1002                        ;
;     CLR               ; 1                           ;
;     ENA               ; 968                         ;
;     plain             ; 33                          ;
; cycloneiii_lcell_comb ; 1674                        ;
;     arith             ; 120                         ;
;         2 data inputs ; 29                          ;
;         3 data inputs ; 91                          ;
;     normal            ; 1554                        ;
;         0 data inputs ; 1                           ;
;         1 data inputs ; 23                          ;
;         2 data inputs ; 78                          ;
;         3 data inputs ; 262                         ;
;         4 data inputs ; 1190                        ;
;                       ;                             ;
; Max LUT depth         ; 18.10                       ;
; Average LUT depth     ; 14.16                       ;
+-----------------------+-----------------------------+


+-------------------------------+
; Elapsed Time Per Partition    ;
+----------------+--------------+
; Partition Name ; Elapsed Time ;
+----------------+--------------+
; Top            ; 00:00:04     ;
+----------------+--------------+


+-------------------------------+
; Analysis & Synthesis Messages ;
+-------------------------------+
Info: *******************************************************************
Info: Running Quartus Prime Analysis & Synthesis
    Info: Version 17.1.0 Build 590 10/25/2017 SJ Lite Edition
    Info: Processing started: Tue Dec 03 18:21:25 2019
Info: Command: quartus_map --read_settings_files=on --write_settings_files=off mips -c mips
Info (20030): Parallel compilation is enabled and will use 4 of the 4 processors detected
Info (12021): Found 2 design units, including 1 entities, in source file ula.vhd
    Info (12022): Found design unit 1: ULA-behv File: C:/Users/Nicolas Stegmann/Documents/Insper/Sexto/descomp/MIPS/ProcessadorMIPS/Mips/mips-SemUC_restored/ULA.vhd Line: 24
    Info (12023): Found entity 1: ULA File: C:/Users/Nicolas Stegmann/Documents/Insper/Sexto/descomp/MIPS/ProcessadorMIPS/Mips/mips-SemUC_restored/ULA.vhd Line: 9
Info (12021): Found 2 design units, including 1 entities, in source file uc_ula.vhd
    Info (12022): Found design unit 1: UC_ULA-bhv File: C:/Users/Nicolas Stegmann/Documents/Insper/Sexto/descomp/MIPS/ProcessadorMIPS/Mips/mips-SemUC_restored/UC_ULA.vhd Line: 18
    Info (12023): Found entity 1: UC_ULA File: C:/Users/Nicolas Stegmann/Documents/Insper/Sexto/descomp/MIPS/ProcessadorMIPS/Mips/mips-SemUC_restored/UC_ULA.vhd Line: 9
Info (12021): Found 2 design units, including 1 entities, in source file uc.vhd
    Info (12022): Found design unit 1: uc-bhv File: C:/Users/Nicolas Stegmann/Documents/Insper/Sexto/descomp/MIPS/ProcessadorMIPS/Mips/mips-SemUC_restored/uc.vhd Line: 18
    Info (12023): Found entity 1: uc File: C:/Users/Nicolas Stegmann/Documents/Insper/Sexto/descomp/MIPS/ProcessadorMIPS/Mips/mips-SemUC_restored/uc.vhd Line: 9
Info (12021): Found 2 design units, including 1 entities, in source file somador.vhd
    Info (12022): Found design unit 1: somador-comportamento File: C:/Users/Nicolas Stegmann/Documents/Insper/Sexto/descomp/MIPS/ProcessadorMIPS/Mips/mips-SemUC_restored/somador.vhd Line: 18
    Info (12023): Found entity 1: somador File: C:/Users/Nicolas Stegmann/Documents/Insper/Sexto/descomp/MIPS/ProcessadorMIPS/Mips/mips-SemUC_restored/somador.vhd Line: 5
Info (12021): Found 2 design units, including 1 entities, in source file soma4.vhd
    Info (12022): Found design unit 1: soma4-comportamento File: C:/Users/Nicolas Stegmann/Documents/Insper/Sexto/descomp/MIPS/ProcessadorMIPS/Mips/mips-SemUC_restored/soma4.vhd Line: 18
    Info (12023): Found entity 1: soma4 File: C:/Users/Nicolas Stegmann/Documents/Insper/Sexto/descomp/MIPS/ProcessadorMIPS/Mips/mips-SemUC_restored/soma4.vhd Line: 5
Info (12021): Found 2 design units, including 1 entities, in source file single_port_ram.vhd
    Info (12022): Found design unit 1: single_port_RAM-rtl File: C:/Users/Nicolas Stegmann/Documents/Insper/Sexto/descomp/MIPS/ProcessadorMIPS/Mips/mips-SemUC_restored/single_port_RAM.vhd Line: 20
    Info (12023): Found entity 1: single_port_RAM File: C:/Users/Nicolas Stegmann/Documents/Insper/Sexto/descomp/MIPS/ProcessadorMIPS/Mips/mips-SemUC_restored/single_port_RAM.vhd Line: 5
Info (12021): Found 2 design units, including 1 entities, in source file shift2_imediato.vhd
    Info (12022): Found design unit 1: shift2_imediato-comportamento File: C:/Users/Nicolas Stegmann/Documents/Insper/Sexto/descomp/MIPS/ProcessadorMIPS/Mips/mips-SemUC_restored/shift2_imediato.vhd Line: 16
    Info (12023): Found entity 1: shift2_imediato File: C:/Users/Nicolas Stegmann/Documents/Insper/Sexto/descomp/MIPS/ProcessadorMIPS/Mips/mips-SemUC_restored/shift2_imediato.vhd Line: 4
Info (12021): Found 2 design units, including 1 entities, in source file shift2.vhd
    Info (12022): Found design unit 1: shift2-comportamento File: C:/Users/Nicolas Stegmann/Documents/Insper/Sexto/descomp/MIPS/ProcessadorMIPS/Mips/mips-SemUC_restored/shift2.vhd Line: 16
    Info (12023): Found entity 1: shift2 File: C:/Users/Nicolas Stegmann/Documents/Insper/Sexto/descomp/MIPS/ProcessadorMIPS/Mips/mips-SemUC_restored/shift2.vhd Line: 4
Info (12021): Found 2 design units, including 1 entities, in source file rom.vhd
    Info (12022): Found design unit 1: ROM-assincrona File: C:/Users/Nicolas Stegmann/Documents/Insper/Sexto/descomp/MIPS/ProcessadorMIPS/Mips/mips-SemUC_restored/ROM.vhd Line: 15
    Info (12023): Found entity 1: ROM File: C:/Users/Nicolas Stegmann/Documents/Insper/Sexto/descomp/MIPS/ProcessadorMIPS/Mips/mips-SemUC_restored/ROM.vhd Line: 6
Info (12021): Found 2 design units, including 1 entities, in source file registrador.vhd
    Info (12022): Found design unit 1: Registrador-rtl File: C:/Users/Nicolas Stegmann/Documents/Insper/Sexto/descomp/MIPS/ProcessadorMIPS/Mips/mips-SemUC_restored/Registrador.vhd Line: 26
    Info (12023): Found entity 1: Registrador File: C:/Users/Nicolas Stegmann/Documents/Insper/Sexto/descomp/MIPS/ProcessadorMIPS/Mips/mips-SemUC_restored/Registrador.vhd Line: 8
Info (12021): Found 2 design units, including 1 entities, in source file muxgenerico2.vhd
    Info (12022): Found design unit 1: muxGenerico2-comportamento File: C:/Users/Nicolas Stegmann/Documents/Insper/Sexto/descomp/MIPS/ProcessadorMIPS/Mips/mips-SemUC_restored/muxGenerico2.vhd Line: 17
    Info (12023): Found entity 1: muxGenerico2 File: C:/Users/Nicolas Stegmann/Documents/Insper/Sexto/descomp/MIPS/ProcessadorMIPS/Mips/mips-SemUC_restored/muxGenerico2.vhd Line: 4
Info (12021): Found 2 design units, including 1 entities, in source file mips.vhd
    Info (12022): Found design unit 1: mips-estrutural File: C:/Users/Nicolas Stegmann/Documents/Insper/Sexto/descomp/MIPS/ProcessadorMIPS/Mips/mips-SemUC_restored/mips.vhd Line: 26
    Info (12023): Found entity 1: mips File: C:/Users/Nicolas Stegmann/Documents/Insper/Sexto/descomp/MIPS/ProcessadorMIPS/Mips/mips-SemUC_restored/mips.vhd Line: 9
Info (12021): Found 2 design units, including 1 entities, in source file fluxo_dados.vhd
    Info (12022): Found design unit 1: fluxo_dados-estrutural File: C:/Users/Nicolas Stegmann/Documents/Insper/Sexto/descomp/MIPS/ProcessadorMIPS/Mips/mips-SemUC_restored/fluxo_dados.vhd Line: 31
    Info (12023): Found entity 1: fluxo_dados File: C:/Users/Nicolas Stegmann/Documents/Insper/Sexto/descomp/MIPS/ProcessadorMIPS/Mips/mips-SemUC_restored/fluxo_dados.vhd Line: 9
Info (12021): Found 2 design units, including 1 entities, in source file estendesinalgenerico.vhd
    Info (12022): Found design unit 1: estendeSinalGenerico-comportamento File: C:/Users/Nicolas Stegmann/Documents/Insper/Sexto/descomp/MIPS/ProcessadorMIPS/Mips/mips-SemUC_restored/estendeSinalGenerico.vhd Line: 21
    Info (12023): Found entity 1: estendeSinalGenerico File: C:/Users/Nicolas Stegmann/Documents/Insper/Sexto/descomp/MIPS/ProcessadorMIPS/Mips/mips-SemUC_restored/estendeSinalGenerico.vhd Line: 4
Info (12021): Found 1 design units, including 0 entities, in source file constantesmips.vhd
    Info (12022): Found design unit 1: constantesMIPS File: C:/Users/Nicolas Stegmann/Documents/Insper/Sexto/descomp/MIPS/ProcessadorMIPS/Mips/mips-SemUC_restored/constantesMIPS.vhd Line: 5
Info (12021): Found 2 design units, including 1 entities, in source file clock_generator.vhd
    Info (12022): Found design unit 1: clock_generator-test File: C:/Users/Nicolas Stegmann/Documents/Insper/Sexto/descomp/MIPS/ProcessadorMIPS/Mips/mips-SemUC_restored/clock_generator.vhd Line: 18
    Info (12023): Found entity 1: clock_generator File: C:/Users/Nicolas Stegmann/Documents/Insper/Sexto/descomp/MIPS/ProcessadorMIPS/Mips/mips-SemUC_restored/clock_generator.vhd Line: 4
Info (12021): Found 2 design units, including 1 entities, in source file bancoregistradores.vhd
    Info (12022): Found design unit 1: bancoRegistradores-rtl File: C:/Users/Nicolas Stegmann/Documents/Insper/Sexto/descomp/MIPS/ProcessadorMIPS/Mips/mips-SemUC_restored/bancoRegistradores.vhd Line: 30
    Info (12023): Found entity 1: bancoRegistradores File: C:/Users/Nicolas Stegmann/Documents/Insper/Sexto/descomp/MIPS/ProcessadorMIPS/Mips/mips-SemUC_restored/bancoRegistradores.vhd Line: 6
Info (12021): Found 2 design units, including 1 entities, in source file edgedetector.vhd
    Info (12022): Found design unit 1: edgeDetector-bordaDescida File: C:/Users/Nicolas Stegmann/Documents/Insper/Sexto/descomp/MIPS/ProcessadorMIPS/Mips/mips-SemUC_restored/edgeDetector.vhd Line: 11
    Info (12023): Found entity 1: edgeDetector File: C:/Users/Nicolas Stegmann/Documents/Insper/Sexto/descomp/MIPS/ProcessadorMIPS/Mips/mips-SemUC_restored/edgeDetector.vhd Line: 4
Info (12021): Found 2 design units, including 1 entities, in source file conversorhex7seg.vhd
    Info (12022): Found design unit 1: conversorHex7Seg-comportamento File: C:/Users/Nicolas Stegmann/Documents/Insper/Sexto/descomp/MIPS/ProcessadorMIPS/Mips/mips-SemUC_restored/conversorHex7Seg.vhd Line: 19
    Info (12023): Found entity 1: conversorHex7Seg File: C:/Users/Nicolas Stegmann/Documents/Insper/Sexto/descomp/MIPS/ProcessadorMIPS/Mips/mips-SemUC_restored/conversorHex7Seg.vhd Line: 4
Info (12021): Found 2 design units, including 1 entities, in source file muxgenerico2_1bit.vhd
    Info (12022): Found design unit 1: muxGenerico2_1bit-comportamento File: C:/Users/Nicolas Stegmann/Documents/Insper/Sexto/descomp/MIPS/ProcessadorMIPS/Mips/mips-SemUC_restored/muxGenerico2_1bit.vhd Line: 17
    Info (12023): Found entity 1: muxGenerico2_1bit File: C:/Users/Nicolas Stegmann/Documents/Insper/Sexto/descomp/MIPS/ProcessadorMIPS/Mips/mips-SemUC_restored/muxGenerico2_1bit.vhd Line: 4
Info (12021): Found 2 design units, including 1 entities, in source file muxgenerico4.vhd
    Info (12022): Found design unit 1: muxGenerico4-comportamento File: C:/Users/Nicolas Stegmann/Documents/Insper/Sexto/descomp/MIPS/ProcessadorMIPS/Mips/mips-SemUC_restored/muxGenerico4.vhd Line: 18
    Info (12023): Found entity 1: muxGenerico4 File: C:/Users/Nicolas Stegmann/Documents/Insper/Sexto/descomp/MIPS/ProcessadorMIPS/Mips/mips-SemUC_restored/muxGenerico4.vhd Line: 4
Info (12021): Found 2 design units, including 1 entities, in source file registradorclock.vhd
    Info (12022): Found design unit 1: registradorClock-comportamento File: C:/Users/Nicolas Stegmann/Documents/Insper/Sexto/descomp/MIPS/ProcessadorMIPS/Mips/mips-SemUC_restored/registradorClock.vhd Line: 14
    Info (12023): Found entity 1: registradorClock File: C:/Users/Nicolas Stegmann/Documents/Insper/Sexto/descomp/MIPS/ProcessadorMIPS/Mips/mips-SemUC_restored/registradorClock.vhd Line: 4
Info (12127): Elaborating entity "mips" for the top level hierarchy
Warning (10873): Using initial value X (don't care) for net "LEDG[7..1]" at mips.vhd(16) File: C:/Users/Nicolas Stegmann/Documents/Insper/Sexto/descomp/MIPS/ProcessadorMIPS/Mips/mips-SemUC_restored/mips.vhd Line: 16
Info (12128): Elaborating entity "fluxo_dados" for hierarchy "fluxo_dados:FD" File: C:/Users/Nicolas Stegmann/Documents/Insper/Sexto/descomp/MIPS/ProcessadorMIPS/Mips/mips-SemUC_restored/mips.vhd Line: 54
Info (12128): Elaborating entity "bancoRegistradores" for hierarchy "fluxo_dados:FD|bancoRegistradores:BR" File: C:/Users/Nicolas Stegmann/Documents/Insper/Sexto/descomp/MIPS/ProcessadorMIPS/Mips/mips-SemUC_restored/fluxo_dados.vhd Line: 105
Info (12128): Elaborating entity "ULA" for hierarchy "fluxo_dados:FD|ULA:ULA" File: C:/Users/Nicolas Stegmann/Documents/Insper/Sexto/descomp/MIPS/ProcessadorMIPS/Mips/mips-SemUC_restored/fluxo_dados.vhd Line: 122
Info (12128): Elaborating entity "UC_ULA" for hierarchy "fluxo_dados:FD|UC_ULA:UCULA" File: C:/Users/Nicolas Stegmann/Documents/Insper/Sexto/descomp/MIPS/ProcessadorMIPS/Mips/mips-SemUC_restored/fluxo_dados.vhd Line: 134
Info (12128): Elaborating entity "Registrador" for hierarchy "fluxo_dados:FD|Registrador:PC" File: C:/Users/Nicolas Stegmann/Documents/Insper/Sexto/descomp/MIPS/ProcessadorMIPS/Mips/mips-SemUC_restored/fluxo_dados.vhd Line: 143
Info (12128): Elaborating entity "somador" for hierarchy "fluxo_dados:FD|somador:Somador_imediato" File: C:/Users/Nicolas Stegmann/Documents/Insper/Sexto/descomp/MIPS/ProcessadorMIPS/Mips/mips-SemUC_restored/fluxo_dados.vhd Line: 155
Info (12128): Elaborating entity "soma4" for hierarchy "fluxo_dados:FD|soma4:Somador" File: C:/Users/Nicolas Stegmann/Documents/Insper/Sexto/descomp/MIPS/ProcessadorMIPS/Mips/mips-SemUC_restored/fluxo_dados.vhd Line: 165
Info (12128): Elaborating entity "ROM" for hierarchy "fluxo_dados:FD|ROM:ROM" File: C:/Users/Nicolas Stegmann/Documents/Insper/Sexto/descomp/MIPS/ProcessadorMIPS/Mips/mips-SemUC_restored/fluxo_dados.vhd Line: 175
Info (12128): Elaborating entity "single_port_RAM" for hierarchy "fluxo_dados:FD|single_port_RAM:RAM" File: C:/Users/Nicolas Stegmann/Documents/Insper/Sexto/descomp/MIPS/ProcessadorMIPS/Mips/mips-SemUC_restored/fluxo_dados.vhd Line: 186
Info (12128): Elaborating entity "estendeSinalGenerico" for hierarchy "fluxo_dados:FD|estendeSinalGenerico:extensor" File: C:/Users/Nicolas Stegmann/Documents/Insper/Sexto/descomp/MIPS/ProcessadorMIPS/Mips/mips-SemUC_restored/fluxo_dados.vhd Line: 201
Info (12128): Elaborating entity "shift2_imediato" for hierarchy "fluxo_dados:FD|shift2_imediato:shift" File: C:/Users/Nicolas Stegmann/Documents/Insper/Sexto/descomp/MIPS/ProcessadorMIPS/Mips/mips-SemUC_restored/fluxo_dados.vhd Line: 212
Info (12128): Elaborating entity "shift2" for hierarchy "fluxo_dados:FD|shift2:shift_jump" File: C:/Users/Nicolas Stegmann/Documents/Insper/Sexto/descomp/MIPS/ProcessadorMIPS/Mips/mips-SemUC_restored/fluxo_dados.vhd Line: 222
Info (12128): Elaborating entity "muxGenerico4" for hierarchy "fluxo_dados:FD|muxGenerico4:mux_Ula_Memoria" File: C:/Users/Nicolas Stegmann/Documents/Insper/Sexto/descomp/MIPS/ProcessadorMIPS/Mips/mips-SemUC_restored/fluxo_dados.vhd Line: 232
Warning (10492): VHDL Process Statement warning at muxGenerico4.vhd(29): signal "entradaC" is read inside the Process Statement but isn't in the Process Statement's sensitivity list File: C:/Users/Nicolas Stegmann/Documents/Insper/Sexto/descomp/MIPS/ProcessadorMIPS/Mips/mips-SemUC_restored/muxGenerico4.vhd Line: 29
Info (12128): Elaborating entity "muxGenerico4" for hierarchy "fluxo_dados:FD|muxGenerico4:mux_Rd_Rt" File: C:/Users/Nicolas Stegmann/Documents/Insper/Sexto/descomp/MIPS/ProcessadorMIPS/Mips/mips-SemUC_restored/fluxo_dados.vhd Line: 245
Warning (10492): VHDL Process Statement warning at muxGenerico4.vhd(29): signal "entradaC" is read inside the Process Statement but isn't in the Process Statement's sensitivity list File: C:/Users/Nicolas Stegmann/Documents/Insper/Sexto/descomp/MIPS/ProcessadorMIPS/Mips/mips-SemUC_restored/muxGenerico4.vhd Line: 29
Info (12128): Elaborating entity "muxGenerico2" for hierarchy "fluxo_dados:FD|muxGenerico2:mux_Banco_Ula" File: C:/Users/Nicolas Stegmann/Documents/Insper/Sexto/descomp/MIPS/ProcessadorMIPS/Mips/mips-SemUC_restored/fluxo_dados.vhd Line: 257
Info (12128): Elaborating entity "muxGenerico2_1bit" for hierarchy "fluxo_dados:FD|muxGenerico2_1bit:mux_bne2" File: C:/Users/Nicolas Stegmann/Documents/Insper/Sexto/descomp/MIPS/ProcessadorMIPS/Mips/mips-SemUC_restored/fluxo_dados.vhd Line: 292
Info (12128): Elaborating entity "uc" for hierarchy "uc:UC" File: C:/Users/Nicolas Stegmann/Documents/Insper/Sexto/descomp/MIPS/ProcessadorMIPS/Mips/mips-SemUC_restored/mips.vhd Line: 75
Info (12128): Elaborating entity "registradorClock" for hierarchy "registradorClock:registradorClock" File: C:/Users/Nicolas Stegmann/Documents/Insper/Sexto/descomp/MIPS/ProcessadorMIPS/Mips/mips-SemUC_restored/mips.vhd Line: 83
Info (12128): Elaborating entity "edgeDetector" for hierarchy "edgeDetector:detectorDescida" File: C:/Users/Nicolas Stegmann/Documents/Insper/Sexto/descomp/MIPS/ProcessadorMIPS/Mips/mips-SemUC_restored/mips.vhd Line: 93
Info (12128): Elaborating entity "conversorHex7Seg" for hierarchy "conversorHex7Seg:conersortHex7segPC" File: C:/Users/Nicolas Stegmann/Documents/Insper/Sexto/descomp/MIPS/ProcessadorMIPS/Mips/mips-SemUC_restored/mips.vhd Line: 101
Info (276014): Found 2 instances of uninferred RAM logic
    Info (276007): RAM logic "fluxo_dados:FD|bancoRegistradores:BR|bancoReg" is uninferred due to asynchronous read logic File: C:/Users/Nicolas Stegmann/Documents/Insper/Sexto/descomp/MIPS/ProcessadorMIPS/Mips/mips-SemUC_restored/bancoRegistradores.vhd Line: 76
    Info (276007): RAM logic "fluxo_dados:FD|single_port_RAM:RAM|ram" is uninferred due to asynchronous read logic File: C:/Users/Nicolas Stegmann/Documents/Insper/Sexto/descomp/MIPS/ProcessadorMIPS/Mips/mips-SemUC_restored/single_port_RAM.vhd Line: 23
Warning (13024): Output pins are stuck at VCC or GND
    Warning (13410): Pin "LEDG[1]" is stuck at GND File: C:/Users/Nicolas Stegmann/Documents/Insper/Sexto/descomp/MIPS/ProcessadorMIPS/Mips/mips-SemUC_restored/mips.vhd Line: 16
    Warning (13410): Pin "LEDG[2]" is stuck at GND File: C:/Users/Nicolas Stegmann/Documents/Insper/Sexto/descomp/MIPS/ProcessadorMIPS/Mips/mips-SemUC_restored/mips.vhd Line: 16
    Warning (13410): Pin "LEDG[3]" is stuck at GND File: C:/Users/Nicolas Stegmann/Documents/Insper/Sexto/descomp/MIPS/ProcessadorMIPS/Mips/mips-SemUC_restored/mips.vhd Line: 16
    Warning (13410): Pin "LEDG[4]" is stuck at GND File: C:/Users/Nicolas Stegmann/Documents/Insper/Sexto/descomp/MIPS/ProcessadorMIPS/Mips/mips-SemUC_restored/mips.vhd Line: 16
    Warning (13410): Pin "LEDG[5]" is stuck at GND File: C:/Users/Nicolas Stegmann/Documents/Insper/Sexto/descomp/MIPS/ProcessadorMIPS/Mips/mips-SemUC_restored/mips.vhd Line: 16
    Warning (13410): Pin "LEDG[6]" is stuck at GND File: C:/Users/Nicolas Stegmann/Documents/Insper/Sexto/descomp/MIPS/ProcessadorMIPS/Mips/mips-SemUC_restored/mips.vhd Line: 16
    Warning (13410): Pin "LEDG[7]" is stuck at GND File: C:/Users/Nicolas Stegmann/Documents/Insper/Sexto/descomp/MIPS/ProcessadorMIPS/Mips/mips-SemUC_restored/mips.vhd Line: 16
Info (286030): Timing-Driven Synthesis is running
Info (17049): 56 registers lost all their fanouts during netlist optimizations.
Info (16010): Generating hard_block partition "hard_block:auto_generated_inst"
    Info (16011): Adding 0 node(s), including 0 DDIO, 0 PLL, 0 transceiver and 0 LCELL
Warning (21074): Design contains 1 input pin(s) that do not drive logic
    Warning (15610): No output dependent on input pin "KEY[1]" File: C:/Users/Nicolas Stegmann/Documents/Insper/Sexto/descomp/MIPS/ProcessadorMIPS/Mips/mips-SemUC_restored/mips.vhd Line: 13
Info (21057): Implemented 2975 device resources after synthesis - the final resource count might be different
    Info (21058): Implemented 4 input pins
    Info (21059): Implemented 318 output pins
    Info (21061): Implemented 2653 logic cells
Info: Quartus Prime Analysis & Synthesis was successful. 0 errors, 13 warnings
    Info: Peak virtual memory: 4805 megabytes
    Info: Processing ended: Tue Dec 03 18:21:43 2019
    Info: Elapsed time: 00:00:18
    Info: Total CPU time (on all processors): 00:00:34


